Script started on 2020-09-20 11:08:01-0400
]0;danielvaseekaran@school: ~/Documents/GTOMSCS/CS6210-AOS/projects/CS6210-project1/memory[01;32mdanielvaseekaran@school[00m:[01;34m~/Documents/GTOMSCS/CS6210-AOS/projects/CS6210-project1/memory[00m$ ./monitor.py
--------------------------------------------------
Memory (VM: aos_vm2)  Actual [512.0], Unused: [212.73046875]
Memory (VM: aos_vm3)  Actual [512.0], Unused: [213.60546875]
Memory (VM: aos_vm1)  Actual [512.0], Unused: [213.56640625]
Memory (VM: aos_vm4)  Actual [512.0], Unused: [213.4453125]
--------------------------------------------------
Memory (VM: aos_vm2)  Actual [512.0], Unused: [212.73046875]
Memory (VM: aos_vm3)  Actual [512.0], Unused: [213.60546875]
Memory (VM: aos_vm1)  Actual [512.0], Unused: [213.56640625]
Memory (VM: aos_vm4)  Actual [512.0], Unused: [213.4453125]
--------------------------------------------------
Memory (VM: aos_vm2)  Actual [512.0], Unused: [212.73046875]
Memory (VM: aos_vm3)  Actual [512.0], Unused: [213.60546875]
Memory (VM: aos_vm1)  Actual [512.0], Unused: [213.56640625]
Memory (VM: aos_vm4)  Actual [512.0], Unused: [213.4453125]
--------------------------------------------------
Memory (VM: aos_vm2)  Actual [460.80078125], Unused: [161.62890625]
Memory (VM: aos_vm3)  Actual [460.80078125], Unused: [162.50390625]
Memory (VM: aos_vm1)  Actual [460.80078125], Unused: [162.46484375]
Memory (VM: aos_vm4)  Actual [460.80078125], Unused: [162.34375]
--------------------------------------------------
Memory (VM: aos_vm2)  Actual [512.0], Unused: [212.640625]
Memory (VM: aos_vm3)  Actual [512.0], Unused: [213.46484375]
Memory (VM: aos_vm1)  Actual [512.0], Unused: [213.5546875]
Memory (VM: aos_vm4)  Actual [512.0], Unused: [213.43359375]
--------------------------------------------------
Memory (VM: aos_vm2)  Actual [460.80078125], Unused: [153.14453125]
Memory (VM: aos_vm3)  Actual [460.80078125], Unused: [154.78515625]
Memory (VM: aos_vm1)  Actual [460.80078125], Unused: [154.98046875]
Memory (VM: aos_vm4)  Actual [460.80078125], Unused: [153.66015625]
--------------------------------------------------
Memory (VM: aos_vm2)  Actual [460.80078125], Unused: [141.8828125]
Memory (VM: aos_vm3)  Actual [460.80078125], Unused: [143.5234375]
Memory (VM: aos_vm1)  Actual [460.80078125], Unused: [143.71875]
Memory (VM: aos_vm4)  Actual [460.80078125], Unused: [143.4921875]
--------------------------------------------------
Memory (VM: aos_vm2)  Actual [552.9609375], Unused: [223.5]
Memory (VM: aos_vm3)  Actual [552.9609375], Unused: [225.26171875]
Memory (VM: aos_vm1)  Actual [552.9609375], Unused: [225.45703125]
Memory (VM: aos_vm4)  Actual [552.9609375], Unused: [225.01953125]
--------------------------------------------------
Memory (VM: aos_vm2)  Actual [552.9609375], Unused: [212.48046875]
Memory (VM: aos_vm3)  Actual [552.9609375], Unused: [214.36328125]
Memory (VM: aos_vm1)  Actual [552.9609375], Unused: [214.4375]
Memory (VM: aos_vm4)  Actual [552.9609375], Unused: [214.0]
--------------------------------------------------
Memory (VM: aos_vm2)  Actual [552.9609375], Unused: [201.4609375]
Memory (VM: aos_vm3)  Actual [552.9609375], Unused: [203.46484375]
Memory (VM: aos_vm1)  Actual [552.9609375], Unused: [203.5390625]
Memory (VM: aos_vm4)  Actual [552.9609375], Unused: [202.98046875]
--------------------------------------------------
Memory (VM: aos_vm2)  Actual [552.9609375], Unused: [190.19921875]
Memory (VM: aos_vm3)  Actual [552.9609375], Unused: [192.32421875]
Memory (VM: aos_vm1)  Actual [552.9609375], Unused: [192.27734375]
Memory (VM: aos_vm4)  Actual [552.9609375], Unused: [191.9609375]
--------------------------------------------------
Memory (VM: aos_vm2)  Actual [552.9609375], Unused: [178.9375]
Memory (VM: aos_vm3)  Actual [552.9609375], Unused: [180.94140625]
Memory (VM: aos_vm1)  Actual [552.9609375], Unused: [181.046875]
Memory (VM: aos_vm4)  Actual [552.9609375], Unused: [180.69921875]
--------------------------------------------------
Memory (VM: aos_vm2)  Actual [552.9609375], Unused: [167.67578125]
Memory (VM: aos_vm3)  Actual [552.9609375], Unused: [169.7109375]
Memory (VM: aos_vm1)  Actual [552.9609375], Unused: [169.90625]
Memory (VM: aos_vm4)  Actual [552.9609375], Unused: [169.4375]
--------------------------------------------------
Memory (VM: aos_vm2)  Actual [663.5546875], Unused: [267.21484375]
Memory (VM: aos_vm3)  Actual [663.5546875], Unused: [269.25]
Memory (VM: aos_vm1)  Actual [663.5546875], Unused: [269.56640625]
Memory (VM: aos_vm4)  Actual [663.5546875], Unused: [269.21875]
--------------------------------------------------
Memory (VM: aos_vm2)  Actual [663.5546875], Unused: [255.953125]
Memory (VM: aos_vm3)  Actual [663.5546875], Unused: [257.98828125]
Memory (VM: aos_vm1)  Actual [663.5546875], Unused: [258.3046875]
Memory (VM: aos_vm4)  Actual [663.5546875], Unused: [257.95703125]
--------------------------------------------------
Memory (VM: aos_vm2)  Actual [663.5546875], Unused: [244.69140625]
Memory (VM: aos_vm3)  Actual [663.5546875], Unused: [246.84765625]
Memory (VM: aos_vm1)  Actual [663.5546875], Unused: [247.28515625]
Memory (VM: aos_vm4)  Actual [663.5546875], Unused: [246.6953125]
--------------------------------------------------
Memory (VM: aos_vm2)  Actual [663.5546875], Unused: [233.1875]
Memory (VM: aos_vm3)  Actual [663.5546875], Unused: [235.34375]
Memory (VM: aos_vm1)  Actual [663.5546875], Unused: [235.90234375]
Memory (VM: aos_vm4)  Actual [663.5546875], Unused: [235.43359375]
--------------------------------------------------
Memory (VM: aos_vm2)  Actual [663.5546875], Unused: [221.92578125]
Memory (VM: aos_vm3)  Actual [663.5546875], Unused: [223.9609375]
Memory (VM: aos_vm1)  Actual [663.5546875], Unused: [224.3984375]
Memory (VM: aos_vm4)  Actual [663.5546875], Unused: [223.9296875]
--------------------------------------------------
Memory (VM: aos_vm2)  Actual [663.5546875], Unused: [210.6640625]
Memory (VM: aos_vm3)  Actual [663.5546875], Unused: [212.69921875]
Memory (VM: aos_vm1)  Actual [663.5546875], Unused: [213.13671875]
Memory (VM: aos_vm4)  Actual [663.5546875], Unused: [212.66796875]
--------------------------------------------------
Memory (VM: aos_vm2)  Actual [663.5546875], Unused: [199.5546875]
Memory (VM: aos_vm3)  Actual [663.5546875], Unused: [201.6796875]
Memory (VM: aos_vm1)  Actual [663.5546875], Unused: [201.875]
Memory (VM: aos_vm4)  Actual [663.5546875], Unused: [201.52734375]
--------------------------------------------------
Memory (VM: aos_vm2)  Actual [663.5546875], Unused: [188.4140625]
Memory (VM: aos_vm3)  Actual [663.5546875], Unused: [190.41796875]
Memory (VM: aos_vm1)  Actual [663.5546875], Unused: [190.734375]
Memory (VM: aos_vm4)  Actual [663.5546875], Unused: [190.265625]
--------------------------------------------------
Memory (VM: aos_vm2)  Actual [796.265625], Unused: [310.234375]
Memory (VM: aos_vm3)  Actual [796.265625], Unused: [312.23828125]
Memory (VM: aos_vm1)  Actual [796.265625], Unused: [312.5546875]
Memory (VM: aos_vm4)  Actual [796.265625], Unused: [311.96484375]
--------------------------------------------------
Memory (VM: aos_vm2)  Actual [796.265625], Unused: [298.97265625]
Memory (VM: aos_vm3)  Actual [796.265625], Unused: [301.21875]
Memory (VM: aos_vm1)  Actual [796.265625], Unused: [301.4140625]
Memory (VM: aos_vm4)  Actual [796.265625], Unused: [300.9765625]
--------------------------------------------------
Memory (VM: aos_vm2)  Actual [796.265625], Unused: [287.953125]
Memory (VM: aos_vm3)  Actual [796.265625], Unused: [289.95703125]
Memory (VM: aos_vm1)  Actual [796.265625], Unused: [290.39453125]
Memory (VM: aos_vm4)  Actual [796.265625], Unused: [289.8359375]
--------------------------------------------------
Memory (VM: aos_vm2)  Actual [796.265625], Unused: [276.8125]
Memory (VM: aos_vm3)  Actual [796.265625], Unused: [278.81640625]
Memory (VM: aos_vm1)  Actual [796.265625], Unused: [279.25390625]
Memory (VM: aos_vm4)  Actual [796.265625], Unused: [278.81640625]
--------------------------------------------------
Memory (VM: aos_vm2)  Actual [796.265625], Unused: [265.55078125]
Memory (VM: aos_vm3)  Actual [796.265625], Unused: [267.5546875]
Memory (VM: aos_vm1)  Actual [796.265625], Unused: [268.11328125]
Memory (VM: aos_vm4)  Actual [796.265625], Unused: [267.67578125]
--------------------------------------------------
Memory (VM: aos_vm2)  Actual [796.265625], Unused: [254.53125]
Memory (VM: aos_vm3)  Actual [796.265625], Unused: [256.32421875]
Memory (VM: aos_vm1)  Actual [796.265625], Unused: [257.125]
Memory (VM: aos_vm4)  Actual [796.265625], Unused: [256.53515625]
--------------------------------------------------
Memory (VM: aos_vm2)  Actual [796.265625], Unused: [243.26953125]
Memory (VM: aos_vm3)  Actual [796.265625], Unused: [244.94140625]
Memory (VM: aos_vm1)  Actual [796.265625], Unused: [245.86328125]
Memory (VM: aos_vm4)  Actual [796.265625], Unused: [244.96484375]
--------------------------------------------------
Memory (VM: aos_vm2)  Actual [796.265625], Unused: [231.5234375]
Memory (VM: aos_vm3)  Actual [796.265625], Unused: [233.31640625]
Memory (VM: aos_vm1)  Actual [796.265625], Unused: [234.359375]
Memory (VM: aos_vm4)  Actual [796.265625], Unused: [233.4609375]
--------------------------------------------------
Memory (VM: aos_vm2)  Actual [955.51953125], Unused: [380.2265625]
Memory (VM: aos_vm3)  Actual [955.51953125], Unused: [382.140625]
Memory (VM: aos_vm1)  Actual [955.51953125], Unused: [383.0625]
Memory (VM: aos_vm4)  Actual [955.51953125], Unused: [382.40625]
--------------------------------------------------
Memory (VM: aos_vm2)  Actual [955.51953125], Unused: [369.20703125]
Memory (VM: aos_vm3)  Actual [955.51953125], Unused: [371.0]
Memory (VM: aos_vm1)  Actual [955.51953125], Unused: [371.921875]
Memory (VM: aos_vm4)  Actual [955.51953125], Unused: [371.265625]
--------------------------------------------------
Memory (VM: aos_vm2)  Actual [955.51953125], Unused: [358.1875]
Memory (VM: aos_vm3)  Actual [955.51953125], Unused: [359.98046875]
Memory (VM: aos_vm1)  Actual [955.51953125], Unused: [360.90234375]
Memory (VM: aos_vm4)  Actual [955.51953125], Unused: [360.3671875]
--------------------------------------------------
Memory (VM: aos_vm2)  Actual [955.51953125], Unused: [347.16796875]
Memory (VM: aos_vm3)  Actual [955.51953125], Unused: [348.65234375]
Memory (VM: aos_vm1)  Actual [955.51953125], Unused: [349.76171875]
Memory (VM: aos_vm4)  Actual [955.51953125], Unused: [349.2265625]
--------------------------------------------------
Memory (VM: aos_vm2)  Actual [955.51953125], Unused: [336.02734375]
Memory (VM: aos_vm3)  Actual [955.51953125], Unused: [337.51171875]
Memory (VM: aos_vm1)  Actual [955.51953125], Unused: [338.5]
Memory (VM: aos_vm4)  Actual [955.51953125], Unused: [338.0859375]
--------------------------------------------------
Memory (VM: aos_vm2)  Actual [955.51953125], Unused: [324.88671875]
Memory (VM: aos_vm3)  Actual [955.51953125], Unused: [326.25]
Memory (VM: aos_vm1)  Actual [955.51953125], Unused: [327.359375]
Memory (VM: aos_vm4)  Actual [955.51953125], Unused: [326.9453125]
--------------------------------------------------
Memory (VM: aos_vm2)  Actual [955.51953125], Unused: [313.3828125]
Memory (VM: aos_vm3)  Actual [955.51953125], Unused: [314.98828125]
Memory (VM: aos_vm1)  Actual [955.51953125], Unused: [316.09765625]
Memory (VM: aos_vm4)  Actual [955.51953125], Unused: [315.5625]
--------------------------------------------------
Memory (VM: aos_vm2)  Actual [955.51953125], Unused: [302.2421875]
Memory (VM: aos_vm3)  Actual [955.51953125], Unused: [303.84765625]
Memory (VM: aos_vm1)  Actual [955.51953125], Unused: [304.8359375]
Memory (VM: aos_vm4)  Actual [955.51953125], Unused: [304.1796875]
--------------------------------------------------
Memory (VM: aos_vm2)  Actual [955.51953125], Unused: [290.859375]
Memory (VM: aos_vm3)  Actual [955.51953125], Unused: [292.828125]
Memory (VM: aos_vm1)  Actual [955.51953125], Unused: [293.9375]
Memory (VM: aos_vm4)  Actual [955.51953125], Unused: [292.91796875]
--------------------------------------------------
Memory (VM: aos_vm2)  Actual [955.51953125], Unused: [279.83984375]
Memory (VM: aos_vm3)  Actual [955.51953125], Unused: [281.6875]
Memory (VM: aos_vm1)  Actual [955.51953125], Unused: [282.796875]
Memory (VM: aos_vm4)  Actual [955.51953125], Unused: [281.77734375]
--------------------------------------------------
Memory (VM: aos_vm2)  Actual [1146.625], Unused: [374.65234375]
Memory (VM: aos_vm3)  Actual [1146.625], Unused: [398.3828125]
Memory (VM: aos_vm1)  Actual [1146.625], Unused: [420.46875]
Memory (VM: aos_vm4)  Actual [1146.625], Unused: [410.58984375]
--------------------------------------------------
Memory (VM: aos_vm2)  Actual [1146.625], Unused: [449.40234375]
Memory (VM: aos_vm3)  Actual [1146.625], Unused: [451.09765625]
Memory (VM: aos_vm1)  Actual [1146.625], Unused: [451.96484375]
Memory (VM: aos_vm4)  Actual [1146.625], Unused: [451.06640625]
--------------------------------------------------
Memory (VM: aos_vm2)  Actual [1031.96484375], Unused: [417.43359375]
Memory (VM: aos_vm3)  Actual [1031.96484375], Unused: [417.0703125]
Memory (VM: aos_vm1)  Actual [1031.96484375], Unused: [407.0390625]
Memory (VM: aos_vm4)  Actual [1031.96484375], Unused: [414.04296875]
--------------------------------------------------
Memory (VM: aos_vm2)  Actual [1031.96484375], Unused: [312.6875]
Memory (VM: aos_vm3)  Actual [1031.96484375], Unused: [314.50390625]
Memory (VM: aos_vm1)  Actual [1031.96484375], Unused: [315.4921875]
Memory (VM: aos_vm4)  Actual [1031.96484375], Unused: [314.625]
--------------------------------------------------
Memory (VM: aos_vm2)  Actual [1238.359375], Unused: [301.66796875]
Memory (VM: aos_vm3)  Actual [1238.359375], Unused: [303.7578125]
Memory (VM: aos_vm1)  Actual [1238.359375], Unused: [304.8359375]
Memory (VM: aos_vm4)  Actual [1238.359375], Unused: [303.7265625]
--------------------------------------------------
Memory (VM: aos_vm2)  Actual [1238.359375], Unused: [497.35546875]
Memory (VM: aos_vm3)  Actual [1238.359375], Unused: [499.32421875]
Memory (VM: aos_vm1)  Actual [1238.359375], Unused: [500.43359375]
Memory (VM: aos_vm4)  Actual [1238.359375], Unused: [499.171875]
--------------------------------------------------
Memory (VM: aos_vm2)  Actual [1238.359375], Unused: [481.0078125]
Memory (VM: aos_vm3)  Actual [1238.359375], Unused: [482.9765625]
Memory (VM: aos_vm1)  Actual [1238.359375], Unused: [484.20703125]
Memory (VM: aos_vm4)  Actual [1238.359375], Unused: [482.82421875]
--------------------------------------------------
Memory (VM: aos_vm2)  Actual [1238.359375], Unused: [470.23046875]
Memory (VM: aos_vm3)  Actual [1238.359375], Unused: [472.19921875]
Memory (VM: aos_vm1)  Actual [1238.359375], Unused: [473.4296875]
Memory (VM: aos_vm4)  Actual [1238.359375], Unused: [471.92578125]
--------------------------------------------------
Memory (VM: aos_vm2)  Actual [1238.359375], Unused: [459.33203125]
Memory (VM: aos_vm3)  Actual [1238.359375], Unused: [461.1796875]
Memory (VM: aos_vm1)  Actual [1238.359375], Unused: [462.53125]
Memory (VM: aos_vm4)  Actual [1238.359375], Unused: [461.02734375]
--------------------------------------------------
Memory (VM: aos_vm2)  Actual [1238.359375], Unused: [448.3125]
Memory (VM: aos_vm3)  Actual [1238.359375], Unused: [450.28125]
Memory (VM: aos_vm1)  Actual [1238.359375], Unused: [451.32421875]
Memory (VM: aos_vm4)  Actual [1238.359375], Unused: [450.12890625]
--------------------------------------------------
Memory (VM: aos_vm2)  Actual [1238.359375], Unused: [437.29296875]
Memory (VM: aos_vm3)  Actual [1238.359375], Unused: [439.26171875]
Memory (VM: aos_vm1)  Actual [1238.359375], Unused: [440.3046875]
Memory (VM: aos_vm4)  Actual [1238.359375], Unused: [439.109375]
--------------------------------------------------
Memory (VM: aos_vm2)  Actual [1238.359375], Unused: [426.0625]
Memory (VM: aos_vm3)  Actual [1238.359375], Unused: [428.0]
Memory (VM: aos_vm1)  Actual [1238.359375], Unused: [428.921875]
Memory (VM: aos_vm4)  Actual [1238.359375], Unused: [427.7265625]
--------------------------------------------------
Memory (VM: aos_vm2)  Actual [1238.359375], Unused: [415.04296875]
Memory (VM: aos_vm3)  Actual [1238.359375], Unused: [416.73828125]
Memory (VM: aos_vm1)  Actual [1238.359375], Unused: [417.90234375]
Memory (VM: aos_vm4)  Actual [1238.359375], Unused: [416.828125]
--------------------------------------------------
Memory (VM: aos_vm2)  Actual [1238.359375], Unused: [403.90234375]
Memory (VM: aos_vm3)  Actual [1238.359375], Unused: [405.71875]
Memory (VM: aos_vm1)  Actual [1238.359375], Unused: [406.8828125]
Memory (VM: aos_vm4)  Actual [1238.359375], Unused: [405.6875]
--------------------------------------------------
Memory (VM: aos_vm2)  Actual [1238.359375], Unused: [393.00390625]
Memory (VM: aos_vm3)  Actual [1238.359375], Unused: [394.69921875]
Memory (VM: aos_vm1)  Actual [1238.359375], Unused: [395.984375]
Memory (VM: aos_vm4)  Actual [1238.359375], Unused: [394.66796875]
--------------------------------------------------
Memory (VM: aos_vm2)  Actual [1238.359375], Unused: [382.10546875]
Memory (VM: aos_vm3)  Actual [1238.359375], Unused: [383.80078125]
Memory (VM: aos_vm1)  Actual [1238.359375], Unused: [385.0859375]
Memory (VM: aos_vm4)  Actual [1238.359375], Unused: [383.921875]
--------------------------------------------------
Memory (VM: aos_vm2)  Actual [1238.359375], Unused: [371.328125]
Memory (VM: aos_vm3)  Actual [1238.359375], Unused: [373.0546875]
Memory (VM: aos_vm1)  Actual [1238.359375], Unused: [374.1875]
Memory (VM: aos_vm4)  Actual [1238.359375], Unused: [373.0234375]
--------------------------------------------------
Memory (VM: aos_vm2)  Actual [1238.359375], Unused: [360.30859375]
Memory (VM: aos_vm3)  Actual [1238.359375], Unused: [362.15625]
Memory (VM: aos_vm1)  Actual [1238.359375], Unused: [363.44140625]
Memory (VM: aos_vm4)  Actual [1238.359375], Unused: [362.125]
--------------------------------------------------
Memory (VM: aos_vm2)  Actual [1486.03125], Unused: [598.13671875]
Memory (VM: aos_vm3)  Actual [1486.03125], Unused: [599.7421875]
Memory (VM: aos_vm1)  Actual [1486.03125], Unused: [601.26953125]
Memory (VM: aos_vm4)  Actual [1486.03125], Unused: [599.953125]
--------------------------------------------------
Memory (VM: aos_vm2)  Actual [1486.03125], Unused: [586.9296875]
Memory (VM: aos_vm3)  Actual [1486.03125], Unused: [588.48046875]
Memory (VM: aos_vm1)  Actual [1486.03125], Unused: [590.12890625]
Memory (VM: aos_vm4)  Actual [1486.03125], Unused: [588.69140625]
--------------------------------------------------
Memory (VM: aos_vm2)  Actual [1486.03125], Unused: [575.66796875]
Memory (VM: aos_vm3)  Actual [1486.03125], Unused: [577.33984375]
Memory (VM: aos_vm1)  Actual [1486.03125], Unused: [578.98828125]
Memory (VM: aos_vm4)  Actual [1486.03125], Unused: [577.55078125]
--------------------------------------------------
Memory (VM: aos_vm2)  Actual [1486.03125], Unused: [564.6484375]
Memory (VM: aos_vm3)  Actual [1486.03125], Unused: [566.19921875]
Memory (VM: aos_vm1)  Actual [1486.03125], Unused: [567.84765625]
Memory (VM: aos_vm4)  Actual [1486.03125], Unused: [566.41015625]
--------------------------------------------------
Memory (VM: aos_vm2)  Actual [1486.03125], Unused: [553.38671875]
Memory (VM: aos_vm3)  Actual [1486.03125], Unused: [554.9375]
Memory (VM: aos_vm1)  Actual [1486.03125], Unused: [556.5859375]
Memory (VM: aos_vm4)  Actual [1486.03125], Unused: [555.26953125]
--------------------------------------------------
Memory (VM: aos_vm2)  Actual [1486.03125], Unused: [542.24609375]
Memory (VM: aos_vm3)  Actual [1486.03125], Unused: [543.796875]
Memory (VM: aos_vm1)  Actual [1486.03125], Unused: [545.32421875]
Memory (VM: aos_vm4)  Actual [1486.03125], Unused: [544.12890625]
--------------------------------------------------
Memory (VM: aos_vm2)  Actual [1486.03125], Unused: [530.984375]
Memory (VM: aos_vm3)  Actual [1486.03125], Unused: [532.4140625]
Memory (VM: aos_vm1)  Actual [1486.03125], Unused: [534.18359375]
Memory (VM: aos_vm4)  Actual [1486.03125], Unused: [532.74609375]
--------------------------------------------------
Memory (VM: aos_vm2)  Actual [1486.03125], Unused: [519.72265625]
Memory (VM: aos_vm3)  Actual [1486.03125], Unused: [521.39453125]
Memory (VM: aos_vm1)  Actual [1486.03125], Unused: [523.04296875]
Memory (VM: aos_vm4)  Actual [1486.03125], Unused: [521.484375]
--------------------------------------------------
Memory (VM: aos_vm2)  Actual [1486.03125], Unused: [508.58203125]
Memory (VM: aos_vm3)  Actual [1486.03125], Unused: [510.375]
Memory (VM: aos_vm1)  Actual [1486.03125], Unused: [511.90234375]
Memory (VM: aos_vm4)  Actual [1486.03125], Unused: [510.5859375]
--------------------------------------------------
Memory (VM: aos_vm2)  Actual [1486.03125], Unused: [497.5625]
Memory (VM: aos_vm3)  Actual [1486.03125], Unused: [499.4765625]
Memory (VM: aos_vm1)  Actual [1486.03125], Unused: [501.00390625]
Memory (VM: aos_vm4)  Actual [1486.03125], Unused: [499.6875]
--------------------------------------------------
Memory (VM: aos_vm2)  Actual [1486.03125], Unused: [486.6640625]
Memory (VM: aos_vm3)  Actual [1486.03125], Unused: [488.578125]
Memory (VM: aos_vm1)  Actual [1486.03125], Unused: [489.984375]
Memory (VM: aos_vm4)  Actual [1486.03125], Unused: [488.66796875]
--------------------------------------------------
Memory (VM: aos_vm2)  Actual [1486.03125], Unused: [475.5234375]
Memory (VM: aos_vm3)  Actual [1486.03125], Unused: [477.4375]
Memory (VM: aos_vm1)  Actual [1486.03125], Unused: [478.72265625]
Memory (VM: aos_vm4)  Actual [1486.03125], Unused: [477.40625]
--------------------------------------------------
Memory (VM: aos_vm2)  Actual [1486.03125], Unused: [464.29296875]
Memory (VM: aos_vm3)  Actual [1486.03125], Unused: [466.296875]
Memory (VM: aos_vm1)  Actual [1486.03125], Unused: [467.58203125]
Memory (VM: aos_vm4)  Actual [1486.03125], Unused: [466.265625]
--------------------------------------------------
Memory (VM: aos_vm2)  Actual [1486.03125], Unused: [453.15234375]
Memory (VM: aos_vm3)  Actual [1486.03125], Unused: [455.03515625]
Memory (VM: aos_vm1)  Actual [1486.03125], Unused: [456.44140625]
Memory (VM: aos_vm4)  Actual [1486.03125], Unused: [455.24609375]
--------------------------------------------------
Memory (VM: aos_vm2)  Actual [1486.03125], Unused: [442.1328125]
Memory (VM: aos_vm3)  Actual [1486.03125], Unused: [443.89453125]
Memory (VM: aos_vm1)  Actual [1486.03125], Unused: [445.30078125]
Memory (VM: aos_vm4)  Actual [1486.03125], Unused: [444.10546875]
--------------------------------------------------
Memory (VM: aos_vm2)  Actual [1486.03125], Unused: [430.9921875]
Memory (VM: aos_vm3)  Actual [1486.03125], Unused: [432.75390625]
Memory (VM: aos_vm1)  Actual [1486.03125], Unused: [434.16015625]
Memory (VM: aos_vm4)  Actual [1486.03125], Unused: [432.875]
--------------------------------------------------
Memory (VM: aos_vm2)  Actual [1783.23828125], Unused: [717.7421875]
Memory (VM: aos_vm3)  Actual [1783.23828125], Unused: [719.359375]
Memory (VM: aos_vm1)  Actual [1783.23828125], Unused: [720.91015625]
Memory (VM: aos_vm4)  Actual [1783.23828125], Unused: [719.74609375]
--------------------------------------------------
Memory (VM: aos_vm2)  Actual [1783.23828125], Unused: [706.6015625]
Memory (VM: aos_vm3)  Actual [1783.23828125], Unused: [708.12109375]
Memory (VM: aos_vm1)  Actual [1783.23828125], Unused: [709.76953125]
Memory (VM: aos_vm4)  Actual [1783.23828125], Unused: [708.36328125]
--------------------------------------------------
Memory (VM: aos_vm2)  Actual [1783.23828125], Unused: [695.58203125]
Memory (VM: aos_vm3)  Actual [1783.23828125], Unused: [697.01171875]
Memory (VM: aos_vm1)  Actual [1783.23828125], Unused: [698.75]
Memory (VM: aos_vm4)  Actual [1783.23828125], Unused: [697.22265625]
--------------------------------------------------
Memory (VM: aos_vm2)  Actual [1783.23828125], Unused: [684.3203125]
Memory (VM: aos_vm3)  Actual [1783.23828125], Unused: [685.87109375]
Memory (VM: aos_vm1)  Actual [1783.23828125], Unused: [687.48828125]
Memory (VM: aos_vm4)  Actual [1783.23828125], Unused: [686.08203125]
--------------------------------------------------
Memory (VM: aos_vm2)  Actual [1783.23828125], Unused: [673.1796875]
Memory (VM: aos_vm3)  Actual [1783.23828125], Unused: [674.609375]
Memory (VM: aos_vm1)  Actual [1783.23828125], Unused: [676.37890625]
Memory (VM: aos_vm4)  Actual [1783.23828125], Unused: [674.8203125]
--------------------------------------------------
Memory (VM: aos_vm2)  Actual [1783.23828125], Unused: [662.0390625]
Memory (VM: aos_vm3)  Actual [1783.23828125], Unused: [663.7109375]
Memory (VM: aos_vm1)  Actual [1783.23828125], Unused: [665.359375]
Memory (VM: aos_vm4)  Actual [1783.23828125], Unused: [663.80078125]
--------------------------------------------------
Memory (VM: aos_vm2)  Actual [1783.23828125], Unused: [650.77734375]
Memory (VM: aos_vm3)  Actual [1783.23828125], Unused: [652.20703125]
Memory (VM: aos_vm1)  Actual [1783.23828125], Unused: [654.21875]
Memory (VM: aos_vm4)  Actual [1783.23828125], Unused: [652.5390625]
--------------------------------------------------
Memory (VM: aos_vm2)  Actual [1783.23828125], Unused: [639.63671875]
Memory (VM: aos_vm3)  Actual [1783.23828125], Unused: [641.06640625]
Memory (VM: aos_vm1)  Actual [1783.23828125], Unused: [643.19921875]
Memory (VM: aos_vm4)  Actual [1783.23828125], Unused: [641.27734375]
--------------------------------------------------
Memory (VM: aos_vm2)  Actual [1783.23828125], Unused: [628.375]
Memory (VM: aos_vm3)  Actual [1783.23828125], Unused: [630.046875]
Memory (VM: aos_vm1)  Actual [1783.23828125], Unused: [631.9375]
Memory (VM: aos_vm4)  Actual [1783.23828125], Unused: [630.015625]
--------------------------------------------------
Memory (VM: aos_vm2)  Actual [1783.23828125], Unused: [617.234375]
Memory (VM: aos_vm3)  Actual [1783.23828125], Unused: [618.90625]
Memory (VM: aos_vm1)  Actual [1783.23828125], Unused: [620.67578125]
Memory (VM: aos_vm4)  Actual [1783.23828125], Unused: [618.75390625]
--------------------------------------------------
Memory (VM: aos_vm2)  Actual [1783.23828125], Unused: [606.45703125]
Memory (VM: aos_vm3)  Actual [1783.23828125], Unused: [607.765625]
Memory (VM: aos_vm1)  Actual [1783.23828125], Unused: [609.65625]
Memory (VM: aos_vm4)  Actual [1783.23828125], Unused: [607.85546875]
--------------------------------------------------
Memory (VM: aos_vm2)  Actual [1783.23828125], Unused: [595.1953125]
Memory (VM: aos_vm3)  Actual [1783.23828125], Unused: [596.625]
Memory (VM: aos_vm1)  Actual [1783.23828125], Unused: [598.515625]
Memory (VM: aos_vm4)  Actual [1783.23828125], Unused: [596.71484375]
--------------------------------------------------
Memory (VM: aos_vm2)  Actual [1783.23828125], Unused: [584.0546875]
Memory (VM: aos_vm3)  Actual [1783.23828125], Unused: [585.36328125]
Memory (VM: aos_vm1)  Actual [1783.23828125], Unused: [587.25390625]
Memory (VM: aos_vm4)  Actual [1783.23828125], Unused: [585.57421875]
--------------------------------------------------
Memory (VM: aos_vm2)  Actual [1783.23828125], Unused: [572.9140625]
Memory (VM: aos_vm3)  Actual [1783.23828125], Unused: [574.22265625]
Memory (VM: aos_vm1)  Actual [1783.23828125], Unused: [576.234375]
Memory (VM: aos_vm4)  Actual [1783.23828125], Unused: [574.3125]
--------------------------------------------------
Memory (VM: aos_vm2)  Actual [1783.23828125], Unused: [556.08203125]
Memory (VM: aos_vm3)  Actual [1783.23828125], Unused: [557.51171875]
Memory (VM: aos_vm1)  Actual [1783.23828125], Unused: [565.09375]
Memory (VM: aos_vm4)  Actual [1783.23828125], Unused: [557.6015625]
--------------------------------------------------
Memory (VM: aos_vm2)  Actual [1783.23828125], Unused: [545.18359375]
Memory (VM: aos_vm3)  Actual [1783.23828125], Unused: [546.37109375]
Memory (VM: aos_vm1)  Actual [1783.23828125], Unused: [548.50390625]
Memory (VM: aos_vm4)  Actual [1783.23828125], Unused: [546.58203125]
--------------------------------------------------
Memory (VM: aos_vm2)  Actual [1783.23828125], Unused: [534.07421875]
Memory (VM: aos_vm3)  Actual [1783.23828125], Unused: [535.109375]
Memory (VM: aos_vm1)  Actual [1783.23828125], Unused: [537.36328125]
Memory (VM: aos_vm4)  Actual [1783.23828125], Unused: [535.44140625]
--------------------------------------------------
Memory (VM: aos_vm2)  Actual [1783.23828125], Unused: [522.8125]
Memory (VM: aos_vm3)  Actual [1783.23828125], Unused: [523.96875]
Memory (VM: aos_vm1)  Actual [1783.23828125], Unused: [526.22265625]
Memory (VM: aos_vm4)  Actual [1783.23828125], Unused: [524.30078125]
--------------------------------------------------
Memory (VM: aos_vm2)  Actual [1783.23828125], Unused: [511.671875]
Memory (VM: aos_vm3)  Actual [1783.23828125], Unused: [512.828125]
Memory (VM: aos_vm1)  Actual [1783.23828125], Unused: [515.08203125]
Memory (VM: aos_vm4)  Actual [1783.23828125], Unused: [513.16015625]
--------------------------------------------------
Memory (VM: aos_vm2)  Actual [1783.23828125], Unused: [500.65234375]
Memory (VM: aos_vm3)  Actual [1783.23828125], Unused: [501.9609375]
Memory (VM: aos_vm1)  Actual [1783.23828125], Unused: [504.18359375]
Memory (VM: aos_vm4)  Actual [1783.23828125], Unused: [502.171875]
--------------------------------------------------
Memory (VM: aos_vm2)  Actual [1783.23828125], Unused: [489.75390625]
Memory (VM: aos_vm3)  Actual [1783.23828125], Unused: [491.0625]
Memory (VM: aos_vm1)  Actual [1783.23828125], Unused: [493.28515625]
Memory (VM: aos_vm4)  Actual [1783.23828125], Unused: [491.2734375]
--------------------------------------------------
Memory (VM: aos_vm2)  Actual [1783.23828125], Unused: [478.9765625]
Memory (VM: aos_vm3)  Actual [1783.23828125], Unused: [480.28515625]
Memory (VM: aos_vm1)  Actual [1783.23828125], Unused: [482.5078125]
Memory (VM: aos_vm4)  Actual [1783.23828125], Unused: [480.49609375]
--------------------------------------------------
Memory (VM: aos_vm2)  Actual [1783.23828125], Unused: [468.078125]
Memory (VM: aos_vm3)  Actual [1783.23828125], Unused: [468.78125]
Memory (VM: aos_vm1)  Actual [1783.23828125], Unused: [471.609375]
Memory (VM: aos_vm4)  Actual [1783.23828125], Unused: [467.5390625]
--------------------------------------------------
Memory (VM: aos_vm2)  Actual [1783.23828125], Unused: [456.33203125]
Memory (VM: aos_vm3)  Actual [1783.23828125], Unused: [457.76171875]
Memory (VM: aos_vm1)  Actual [1783.23828125], Unused: [460.10546875]
Memory (VM: aos_vm4)  Actual [1783.23828125], Unused: [457.73046875]
--------------------------------------------------
Memory (VM: aos_vm2)  Actual [1783.23828125], Unused: [445.3125]
Memory (VM: aos_vm3)  Actual [1783.23828125], Unused: [446.5]
Memory (VM: aos_vm1)  Actual [1783.23828125], Unused: [448.99609375]
Memory (VM: aos_vm4)  Actual [1783.23828125], Unused: [446.7109375]
--------------------------------------------------
Memory (VM: aos_vm2)  Actual [1783.23828125], Unused: [434.29296875]
Memory (VM: aos_vm3)  Actual [1783.23828125], Unused: [435.48046875]
Memory (VM: aos_vm1)  Actual [1783.23828125], Unused: [437.9765625]
Memory (VM: aos_vm4)  Actual [1783.23828125], Unused: [435.69140625]
--------------------------------------------------
Memory (VM: aos_vm2)  Actual [1783.23828125], Unused: [423.2734375]
Memory (VM: aos_vm3)  Actual [1783.23828125], Unused: [424.4609375]
Memory (VM: aos_vm1)  Actual [1783.23828125], Unused: [426.71484375]
Memory (VM: aos_vm4)  Actual [1783.23828125], Unused: [424.55078125]
--------------------------------------------------
Memory (VM: aos_vm2)  Actual [1783.23828125], Unused: [412.375]
Memory (VM: aos_vm3)  Actual [1783.23828125], Unused: [413.44140625]
Memory (VM: aos_vm1)  Actual [1783.23828125], Unused: [415.81640625]
Memory (VM: aos_vm4)  Actual [1783.23828125], Unused: [413.65234375]
--------------------------------------------------
Memory (VM: aos_vm2)  Actual [1783.23828125], Unused: [401.59765625]
Memory (VM: aos_vm3)  Actual [1783.23828125], Unused: [402.54296875]
Memory (VM: aos_vm1)  Actual [1783.23828125], Unused: [405.0390625]
Memory (VM: aos_vm4)  Actual [1783.23828125], Unused: [402.875]
--------------------------------------------------
Memory (VM: aos_vm2)  Actual [1783.23828125], Unused: [390.8203125]
Memory (VM: aos_vm3)  Actual [1783.23828125], Unused: [391.765625]
Memory (VM: aos_vm1)  Actual [1783.23828125], Unused: [394.3828125]
Memory (VM: aos_vm4)  Actual [1783.23828125], Unused: [392.09765625]
--------------------------------------------------
Memory (VM: aos_vm2)  Actual [1783.23828125], Unused: [379.6796875]
Memory (VM: aos_vm3)  Actual [1783.23828125], Unused: [380.625]
Memory (VM: aos_vm1)  Actual [1783.23828125], Unused: [383.2421875]
Memory (VM: aos_vm4)  Actual [1783.23828125], Unused: [381.078125]
--------------------------------------------------
Memory (VM: aos_vm2)  Actual [1783.23828125], Unused: [368.5390625]
Memory (VM: aos_vm3)  Actual [1783.23828125], Unused: [369.484375]
Memory (VM: aos_vm1)  Actual [1783.23828125], Unused: [372.1015625]
Memory (VM: aos_vm4)  Actual [1783.23828125], Unused: [369.81640625]
--------------------------------------------------
Memory (VM: aos_vm2)  Actual [1783.23828125], Unused: [357.4296875]
Memory (VM: aos_vm3)  Actual [1783.23828125], Unused: [358.22265625]
Memory (VM: aos_vm1)  Actual [1783.23828125], Unused: [360.83984375]
Memory (VM: aos_vm4)  Actual [1783.23828125], Unused: [358.796875]
--------------------------------------------------
Memory (VM: aos_vm2)  Actual [1783.23828125], Unused: [346.41015625]
Memory (VM: aos_vm3)  Actual [1783.23828125], Unused: [347.32421875]
Memory (VM: aos_vm1)  Actual [1783.23828125], Unused: [349.94140625]
Memory (VM: aos_vm4)  Actual [1783.23828125], Unused: [347.77734375]
--------------------------------------------------
Memory (VM: aos_vm2)  Actual [1783.23828125], Unused: [335.390625]
Memory (VM: aos_vm3)  Actual [1783.23828125], Unused: [336.42578125]
Memory (VM: aos_vm1)  Actual [1783.23828125], Unused: [339.04296875]
Memory (VM: aos_vm4)  Actual [1783.23828125], Unused: [336.87890625]
--------------------------------------------------
Memory (VM: aos_vm2)  Actual [1783.23828125], Unused: [324.4921875]
Memory (VM: aos_vm3)  Actual [1783.23828125], Unused: [325.55859375]
Memory (VM: aos_vm1)  Actual [1783.23828125], Unused: [328.265625]
Memory (VM: aos_vm4)  Actual [1783.23828125], Unused: [326.01171875]
--------------------------------------------------
Memory (VM: aos_vm2)  Actual [1783.23828125], Unused: [313.59375]
Memory (VM: aos_vm3)  Actual [1783.23828125], Unused: [314.66015625]
Memory (VM: aos_vm1)  Actual [1783.23828125], Unused: [317.3671875]
Memory (VM: aos_vm4)  Actual [1783.23828125], Unused: [314.9921875]
--------------------------------------------------
Memory (VM: aos_vm2)  Actual [1783.23828125], Unused: [302.57421875]
Memory (VM: aos_vm3)  Actual [1783.23828125], Unused: [303.640625]
Memory (VM: aos_vm1)  Actual [1783.23828125], Unused: [306.2578125]
Memory (VM: aos_vm4)  Actual [1783.23828125], Unused: [303.97265625]
--------------------------------------------------
Memory (VM: aos_vm2)  Actual [1783.23828125], Unused: [291.5546875]
Memory (VM: aos_vm3)  Actual [1783.23828125], Unused: [292.37890625]
Memory (VM: aos_vm1)  Actual [1783.23828125], Unused: [295.1171875]
Memory (VM: aos_vm4)  Actual [1783.23828125], Unused: [292.953125]
--------------------------------------------------
Memory (VM: aos_vm2)  Actual [1783.23828125], Unused: [280.4140625]
Memory (VM: aos_vm3)  Actual [1783.23828125], Unused: [281.48046875]
Memory (VM: aos_vm1)  Actual [1783.23828125], Unused: [283.85546875]
Memory (VM: aos_vm4)  Actual [1783.23828125], Unused: [281.8125]
--------------------------------------------------
Memory (VM: aos_vm2)  Actual [1783.23828125], Unused: [269.515625]
Memory (VM: aos_vm3)  Actual [1783.23828125], Unused: [270.4609375]
Memory (VM: aos_vm1)  Actual [1783.23828125], Unused: [272.95703125]
Memory (VM: aos_vm4)  Actual [1783.23828125], Unused: [270.79296875]
--------------------------------------------------
Memory (VM: aos_vm2)  Actual [1783.23828125], Unused: [258.859375]
Memory (VM: aos_vm3)  Actual [1783.23828125], Unused: [259.68359375]
Memory (VM: aos_vm1)  Actual [1783.23828125], Unused: [262.05859375]
Memory (VM: aos_vm4)  Actual [1783.23828125], Unused: [260.13671875]
--------------------------------------------------
Memory (VM: aos_vm2)  Actual [1783.23828125], Unused: [248.08203125]
Memory (VM: aos_vm3)  Actual [1783.23828125], Unused: [248.6640625]
Memory (VM: aos_vm1)  Actual [1783.23828125], Unused: [251.28125]
Memory (VM: aos_vm4)  Actual [1783.23828125], Unused: [249.23828125]
--------------------------------------------------
Memory (VM: aos_vm2)  Actual [1783.23828125], Unused: [237.0625]
Memory (VM: aos_vm3)  Actual [1783.23828125], Unused: [237.765625]
Memory (VM: aos_vm1)  Actual [1783.23828125], Unused: [240.26171875]
Memory (VM: aos_vm4)  Actual [1783.23828125], Unused: [238.21875]
--------------------------------------------------
Memory (VM: aos_vm2)  Actual [1783.23828125], Unused: [225.921875]
Memory (VM: aos_vm3)  Actual [1783.23828125], Unused: [226.625]
Memory (VM: aos_vm1)  Actual [1783.23828125], Unused: [229.2421875]
Memory (VM: aos_vm4)  Actual [1783.23828125], Unused: [226.95703125]
--------------------------------------------------
Memory (VM: aos_vm2)  Actual [1783.23828125], Unused: [214.78125]
Memory (VM: aos_vm3)  Actual [1783.23828125], Unused: [215.60546875]
Memory (VM: aos_vm1)  Actual [1783.23828125], Unused: [218.22265625]
Memory (VM: aos_vm4)  Actual [1783.23828125], Unused: [215.81640625]
--------------------------------------------------
Memory (VM: aos_vm2)  Actual [1783.23828125], Unused: [204.00390625]
Memory (VM: aos_vm3)  Actual [1783.23828125], Unused: [204.70703125]
Memory (VM: aos_vm1)  Actual [1783.23828125], Unused: [207.32421875]
Memory (VM: aos_vm4)  Actual [1783.23828125], Unused: [204.91796875]
--------------------------------------------------
Memory (VM: aos_vm2)  Actual [1783.23828125], Unused: [193.34765625]
Memory (VM: aos_vm3)  Actual [1783.23828125], Unused: [193.9296875]
Memory (VM: aos_vm1)  Actual [1783.23828125], Unused: [196.546875]
Memory (VM: aos_vm4)  Actual [1783.23828125], Unused: [194.140625]
--------------------------------------------------
Memory (VM: aos_vm2)  Actual [1783.23828125], Unused: [182.48046875]
Memory (VM: aos_vm3)  Actual [1783.23828125], Unused: [183.2734375]
Memory (VM: aos_vm1)  Actual [1783.23828125], Unused: [185.6484375]
Memory (VM: aos_vm4)  Actual [1783.23828125], Unused: [183.36328125]
--------------------------------------------------
Memory (VM: aos_vm2)  Actual [1783.23828125], Unused: [171.703125]
Memory (VM: aos_vm3)  Actual [1783.23828125], Unused: [172.375]
Memory (VM: aos_vm1)  Actual [1783.23828125], Unused: [174.75]
Memory (VM: aos_vm4)  Actual [1783.23828125], Unused: [172.46484375]
--------------------------------------------------
Memory (VM: aos_vm2)  Actual [1783.23828125], Unused: [160.92578125]
Memory (VM: aos_vm3)  Actual [1783.23828125], Unused: [161.59765625]
Memory (VM: aos_vm1)  Actual [1783.23828125], Unused: [164.09375]
Memory (VM: aos_vm4)  Actual [1783.23828125], Unused: [161.71875]
--------------------------------------------------
Memory (VM: aos_vm2)  Actual [1783.23828125], Unused: [149.90625]
Memory (VM: aos_vm3)  Actual [1783.23828125], Unused: [150.69921875]
Memory (VM: aos_vm1)  Actual [1783.23828125], Unused: [153.1953125]
Memory (VM: aos_vm4)  Actual [1783.23828125], Unused: [150.69921875]
--------------------------------------------------
Memory (VM: aos_vm2)  Actual [1783.23828125], Unused: [138.765625]
Memory (VM: aos_vm3)  Actual [1783.23828125], Unused: [139.55859375]
Memory (VM: aos_vm1)  Actual [1783.23828125], Unused: [142.0546875]
Memory (VM: aos_vm4)  Actual [1783.23828125], Unused: [139.80078125]
--------------------------------------------------
Memory (VM: aos_vm2)  Actual [1783.23828125], Unused: [127.625]
Memory (VM: aos_vm3)  Actual [1783.23828125], Unused: [128.69140625]
Memory (VM: aos_vm1)  Actual [1783.23828125], Unused: [131.03515625]
Memory (VM: aos_vm4)  Actual [1783.23828125], Unused: [128.78125]
--------------------------------------------------
Memory (VM: aos_vm2)  Actual [1783.23828125], Unused: [116.484375]
Memory (VM: aos_vm3)  Actual [1783.23828125], Unused: [117.55078125]
Memory (VM: aos_vm1)  Actual [1783.23828125], Unused: [120.046875]
Memory (VM: aos_vm4)  Actual [1783.23828125], Unused: [117.76171875]
--------------------------------------------------
Memory (VM: aos_vm2)  Actual [1783.23828125], Unused: [105.828125]
Memory (VM: aos_vm3)  Actual [1783.23828125], Unused: [106.65234375]
Memory (VM: aos_vm1)  Actual [1783.23828125], Unused: [109.1484375]
Memory (VM: aos_vm4)  Actual [1783.23828125], Unused: [106.86328125]
--------------------------------------------------
Memory (VM: aos_vm2)  Actual [1783.23828125], Unused: [94.9296875]
Memory (VM: aos_vm3)  Actual [1783.23828125], Unused: [95.875]
Memory (VM: aos_vm1)  Actual [1783.23828125], Unused: [98.37109375]
Memory (VM: aos_vm4)  Actual [1783.23828125], Unused: [96.0859375]
--------------------------------------------------
Memory (VM: aos_vm2)  Actual [1783.23828125], Unused: [84.03125]
Memory (VM: aos_vm3)  Actual [1783.23828125], Unused: [84.9765625]
Memory (VM: aos_vm1)  Actual [1783.23828125], Unused: [87.47265625]
Memory (VM: aos_vm4)  Actual [1783.23828125], Unused: [85.1875]
--------------------------------------------------
Memory (VM: aos_vm2)  Actual [1783.23828125], Unused: [67.6015625]
Memory (VM: aos_vm3)  Actual [1783.23828125], Unused: [68.5234375]
Memory (VM: aos_vm1)  Actual [1783.23828125], Unused: [76.6953125]
Memory (VM: aos_vm4)  Actual [1783.23828125], Unused: [68.71484375]
--------------------------------------------------
Memory (VM: aos_vm2)  Actual [1783.23828125], Unused: [83.67578125]
Memory (VM: aos_vm3)  Actual [1783.23828125], Unused: [84.91015625]
Memory (VM: aos_vm1)  Actual [1783.23828125], Unused: [87.3984375]
Memory (VM: aos_vm4)  Actual [1783.23828125], Unused: [85.0625]
--------------------------------------------------
Memory (VM: aos_vm2)  Actual [1783.23828125], Unused: [72.53515625]
Memory (VM: aos_vm3)  Actual [1783.23828125], Unused: [73.890625]
Memory (VM: aos_vm1)  Actual [1783.23828125], Unused: [76.37890625]
Memory (VM: aos_vm4)  Actual [1783.23828125], Unused: [74.04296875]
--------------------------------------------------
Memory (VM: aos_vm2)  Actual [1783.23828125], Unused: [79.43359375]
Memory (VM: aos_vm3)  Actual [1783.23828125], Unused: [62.8046875]
Memory (VM: aos_vm1)  Actual [1783.23828125], Unused: [65.359375]
Memory (VM: aos_vm4)  Actual [1783.23828125], Unused: [63.0234375]
--------------------------------------------------
Memory (VM: aos_vm2)  Actual [1783.23828125], Unused: [68.29296875]
Memory (VM: aos_vm3)  Actual [1783.23828125], Unused: [69.46875]
Memory (VM: aos_vm1)  Actual [1783.23828125], Unused: [72.12890625]
Memory (VM: aos_vm4)  Actual [1783.23828125], Unused: [69.671875]
--------------------------------------------------
Memory (VM: aos_vm2)  Actual [1783.23828125], Unused: [71.95703125]
Memory (VM: aos_vm3)  Actual [1783.23828125], Unused: [72.23046875]
Memory (VM: aos_vm1)  Actual [1783.23828125], Unused: [75.4453125]
Memory (VM: aos_vm4)  Actual [1783.23828125], Unused: [72.81640625]
--------------------------------------------------
Memory (VM: aos_vm2)  Actual [1783.23828125], Unused: [78.62109375]
Memory (VM: aos_vm3)  Actual [1783.23828125], Unused: [79.2734375]
Memory (VM: aos_vm1)  Actual [1783.23828125], Unused: [63.91015625]
Memory (VM: aos_vm4)  Actual [1783.23828125], Unused: [79.59375]
--------------------------------------------------
Memory (VM: aos_vm2)  Actual [1783.23828125], Unused: [67.359375]
Memory (VM: aos_vm3)  Actual [1783.23828125], Unused: [68.1328125]
Memory (VM: aos_vm1)  Actual [1783.23828125], Unused: [70.7109375]
Memory (VM: aos_vm4)  Actual [1783.23828125], Unused: [68.33203125]
--------------------------------------------------
Memory (VM: aos_vm2)  Actual [1783.23828125], Unused: [82.43359375]
Memory (VM: aos_vm3)  Actual [1783.23828125], Unused: [81.95703125]
Memory (VM: aos_vm1)  Actual [1783.23828125], Unused: [85.0859375]
Memory (VM: aos_vm4)  Actual [1783.23828125], Unused: [82.47265625]
--------------------------------------------------
Memory (VM: aos_vm2)  Actual [1783.23828125], Unused: [71.4140625]
Memory (VM: aos_vm3)  Actual [1783.23828125], Unused: [70.81640625]
Memory (VM: aos_vm1)  Actual [1783.23828125], Unused: [73.9453125]
Memory (VM: aos_vm4)  Actual [1783.23828125], Unused: [71.453125]
--------------------------------------------------
Memory (VM: aos_vm2)  Actual [1783.23828125], Unused: [82.4453125]
Memory (VM: aos_vm3)  Actual [1783.23828125], Unused: [75.2734375]
Memory (VM: aos_vm1)  Actual [1783.23828125], Unused: [62.68359375]
Memory (VM: aos_vm4)  Actual [1783.23828125], Unused: [81.953125]
--------------------------------------------------
Memory (VM: aos_vm2)  Actual [1783.23828125], Unused: [71.0625]
Memory (VM: aos_vm3)  Actual [1783.23828125], Unused: [64.1328125]
Memory (VM: aos_vm1)  Actual [1783.23828125], Unused: [73.3828125]
Memory (VM: aos_vm4)  Actual [1783.23828125], Unused: [70.72265625]
--------------------------------------------------
Memory (VM: aos_vm2)  Actual [1783.23828125], Unused: [76.42578125]
Memory (VM: aos_vm3)  Actual [1783.23828125], Unused: [67.59765625]
Memory (VM: aos_vm1)  Actual [1783.23828125], Unused: [78.46484375]
Memory (VM: aos_vm4)  Actual [1783.23828125], Unused: [75.96484375]
--------------------------------------------------
Memory (VM: aos_vm2)  Actual [1783.23828125], Unused: [65.40625]
Memory (VM: aos_vm3)  Actual [1783.23828125], Unused: [69.8125]
Memory (VM: aos_vm1)  Actual [1783.23828125], Unused: [67.203125]
Memory (VM: aos_vm4)  Actual [1783.23828125], Unused: [64.9453125]
--------------------------------------------------
Memory (VM: aos_vm2)  Actual [1783.23828125], Unused: [67.24609375]
Memory (VM: aos_vm3)  Actual [1783.23828125], Unused: [70.22265625]
Memory (VM: aos_vm1)  Actual [1783.23828125], Unused: [68.80859375]
Memory (VM: aos_vm4)  Actual [1783.23828125], Unused: [66.6640625]
--------------------------------------------------
Memory (VM: aos_vm2)  Actual [1783.23828125], Unused: [1617.73046875]
Memory (VM: aos_vm3)  Actual [1783.23828125], Unused: [1618.46484375]
Memory (VM: aos_vm1)  Actual [1783.23828125], Unused: [1618.09765625]
Memory (VM: aos_vm4)  Actual [1783.23828125], Unused: [1618.44921875]
--------------------------------------------------
Memory (VM: aos_vm2)  Actual [1604.9140625], Unused: [1439.3515625]
Memory (VM: aos_vm3)  Actual [1604.9140625], Unused: [1440.0859375]
Memory (VM: aos_vm1)  Actual [1604.9140625], Unused: [1439.84765625]
Memory (VM: aos_vm4)  Actual [1604.9140625], Unused: [1440.078125]
--------------------------------------------------
Memory (VM: aos_vm2)  Actual [1604.9140625], Unused: [1439.3515625]
Memory (VM: aos_vm3)  Actual [1604.9140625], Unused: [1440.0859375]
Memory (VM: aos_vm1)  Actual [1604.9140625], Unused: [1439.84765625]
Memory (VM: aos_vm4)  Actual [1604.9140625], Unused: [1440.078125]
--------------------------------------------------
Memory (VM: aos_vm2)  Actual [1444.421875], Unused: [1278.78125]
Memory (VM: aos_vm3)  Actual [1444.421875], Unused: [1279.515625]
Memory (VM: aos_vm1)  Actual [1444.421875], Unused: [1279.27734375]
Memory (VM: aos_vm4)  Actual [1444.421875], Unused: [1279.5078125]
--------------------------------------------------
Memory (VM: aos_vm2)  Actual [1444.421875], Unused: [1278.78125]
Memory (VM: aos_vm3)  Actual [1444.421875], Unused: [1279.515625]
Memory (VM: aos_vm1)  Actual [1444.421875], Unused: [1279.27734375]
Memory (VM: aos_vm4)  Actual [1444.421875], Unused: [1278.66015625]
--------------------------------------------------
Memory (VM: aos_vm2)  Actual [1299.98046875], Unused: [1134.31640625]
Memory (VM: aos_vm3)  Actual [1299.98046875], Unused: [1135.171875]
Memory (VM: aos_vm1)  Actual [1444.421875], Unused: [1279.08984375]
Memory (VM: aos_vm4)  Actual [1444.421875], Unused: [1278.66015625]
--------------------------------------------------
Memory (VM: aos_vm2)  Actual [1299.98046875], Unused: [1134.34765625]
Memory (VM: aos_vm3)  Actual [1299.98046875], Unused: [1135.171875]
Memory (VM: aos_vm1)  Actual [1444.421875], Unused: [1279.08984375]
Memory (VM: aos_vm4)  Actual [1444.421875], Unused: [1278.66015625]
--------------------------------------------------
Memory (VM: aos_vm2)  Actual [1169.984375], Unused: [1004.4140625]
Memory (VM: aos_vm3)  Actual [1169.984375], Unused: [1005.1171875]
Memory (VM: aos_vm1)  Actual [1299.98046875], Unused: [1134.625]
Memory (VM: aos_vm4)  Actual [1299.98046875], Unused: [1134.1953125]
--------------------------------------------------
Memory (VM: aos_vm2)  Actual [1169.984375], Unused: [1004.4140625]
Memory (VM: aos_vm3)  Actual [1169.984375], Unused: [1005.1171875]
Memory (VM: aos_vm1)  Actual [1299.98046875], Unused: [1134.625]
Memory (VM: aos_vm4)  Actual [1299.98046875], Unused: [1134.1953125]
--------------------------------------------------
Memory (VM: aos_vm2)  Actual [1052.98828125], Unused: [887.4375]
Memory (VM: aos_vm3)  Actual [1052.98828125], Unused: [888.140625]
Memory (VM: aos_vm1)  Actual [1169.984375], Unused: [1004.69140625]
Memory (VM: aos_vm4)  Actual [1169.984375], Unused: [1004.29296875]
--------------------------------------------------
Memory (VM: aos_vm2)  Actual [1052.98828125], Unused: [887.4375]
Memory (VM: aos_vm3)  Actual [1052.98828125], Unused: [888.140625]
Memory (VM: aos_vm1)  Actual [1169.984375], Unused: [1004.69140625]
Memory (VM: aos_vm4)  Actual [1169.984375], Unused: [1004.29296875]
--------------------------------------------------
Memory (VM: aos_vm2)  Actual [947.69140625], Unused: [782.0859375]
Memory (VM: aos_vm3)  Actual [947.69140625], Unused: [782.7890625]
Memory (VM: aos_vm1)  Actual [1052.98828125], Unused: [887.71484375]
Memory (VM: aos_vm4)  Actual [1052.98828125], Unused: [887.31640625]
--------------------------------------------------
Memory (VM: aos_vm2)  Actual [947.69140625], Unused: [782.0859375]
Memory (VM: aos_vm3)  Actual [947.69140625], Unused: [782.8203125]
Memory (VM: aos_vm1)  Actual [1052.98828125], Unused: [887.71484375]
Memory (VM: aos_vm4)  Actual [1052.98828125], Unused: [887.31640625]
--------------------------------------------------
Memory (VM: aos_vm2)  Actual [947.69140625], Unused: [781.23828125]
Memory (VM: aos_vm3)  Actual [852.921875], Unused: [688.125]
Memory (VM: aos_vm1)  Actual [947.69140625], Unused: [782.36328125]
Memory (VM: aos_vm4)  Actual [947.69140625], Unused: [781.96484375]
--------------------------------------------------
Memory (VM: aos_vm2)  Actual [947.69140625], Unused: [781.23828125]
Memory (VM: aos_vm3)  Actual [852.921875], Unused: [688.125]
Memory (VM: aos_vm1)  Actual [947.69140625], Unused: [782.39453125]
Memory (VM: aos_vm4)  Actual [947.69140625], Unused: [781.96484375]
--------------------------------------------------
Memory (VM: aos_vm2)  Actual [852.921875], Unused: [686.421875]
Memory (VM: aos_vm3)  Actual [767.62890625], Unused: [602.75390625]
Memory (VM: aos_vm1)  Actual [852.921875], Unused: [687.69921875]
Memory (VM: aos_vm4)  Actual [852.921875], Unused: [687.26953125]
--------------------------------------------------
Memory (VM: aos_vm2)  Actual [852.921875], Unused: [686.234375]
Memory (VM: aos_vm3)  Actual [767.62890625], Unused: [602.75390625]
Memory (VM: aos_vm1)  Actual [852.921875], Unused: [687.69921875]
Memory (VM: aos_vm4)  Actual [852.921875], Unused: [687.26953125]
--------------------------------------------------
Memory (VM: aos_vm2)  Actual [852.921875], Unused: [686.234375]
Memory (VM: aos_vm3)  Actual [690.8671875], Unused: [526.1015625]
Memory (VM: aos_vm1)  Actual [767.62890625], Unused: [602.328125]
Memory (VM: aos_vm4)  Actual [767.62890625], Unused: [601.8984375]
--------------------------------------------------
Memory (VM: aos_vm2)  Actual [852.921875], Unused: [686.234375]
Memory (VM: aos_vm3)  Actual [690.8671875], Unused: [526.1015625]
Memory (VM: aos_vm1)  Actual [767.62890625], Unused: [602.328125]
Memory (VM: aos_vm4)  Actual [767.62890625], Unused: [601.8984375]
--------------------------------------------------
Memory (VM: aos_vm2)  Actual [767.62890625], Unused: [600.984375]
Memory (VM: aos_vm3)  Actual [621.78125], Unused: [456.95703125]
Memory (VM: aos_vm1)  Actual [690.8671875], Unused: [525.5546875]
Memory (VM: aos_vm4)  Actual [690.8671875], Unused: [525.125]
--------------------------------------------------
Memory (VM: aos_vm2)  Actual [767.62890625], Unused: [600.984375]
Memory (VM: aos_vm3)  Actual [621.78125], Unused: [456.95703125]
Memory (VM: aos_vm1)  Actual [690.8671875], Unused: [525.5546875]
Memory (VM: aos_vm4)  Actual [690.8671875], Unused: [525.125]
--------------------------------------------------
Memory (VM: aos_vm2)  Actual [690.8671875], Unused: [524.2109375]
Memory (VM: aos_vm3)  Actual [559.60546875], Unused: [394.8359375]
Memory (VM: aos_vm1)  Actual [621.78125], Unused: [456.53125]
Memory (VM: aos_vm4)  Actual [621.78125], Unused: [456.1015625]
--------------------------------------------------
Memory (VM: aos_vm2)  Actual [690.8671875], Unused: [524.2109375]
Memory (VM: aos_vm3)  Actual [559.60546875], Unused: [394.8359375]
Memory (VM: aos_vm1)  Actual [621.78125], Unused: [456.53125]
Memory (VM: aos_vm4)  Actual [621.78125], Unused: [456.1015625]
--------------------------------------------------
Memory (VM: aos_vm2)  Actual [621.78125], Unused: [455.21875]
Memory (VM: aos_vm3)  Actual [503.64453125], Unused: [338.76953125]
Memory (VM: aos_vm1)  Actual [559.60546875], Unused: [394.2890625]
Memory (VM: aos_vm4)  Actual [559.60546875], Unused: [393.859375]
--------------------------------------------------
Memory (VM: aos_vm2)  Actual [621.78125], Unused: [455.21875]
Memory (VM: aos_vm3)  Actual [503.64453125], Unused: [338.76953125]
Memory (VM: aos_vm1)  Actual [559.60546875], Unused: [394.2890625]
Memory (VM: aos_vm4)  Actual [559.60546875], Unused: [393.859375]
--------------------------------------------------
Memory (VM: aos_vm2)  Actual [559.60546875], Unused: [392.9765625]
Memory (VM: aos_vm3)  Actual [503.64453125], Unused: [338.04296875]
Memory (VM: aos_vm1)  Actual [503.64453125], Unused: [338.34375]
Memory (VM: aos_vm4)  Actual [503.64453125], Unused: [337.9140625]
--------------------------------------------------
Memory (VM: aos_vm2)  Actual [559.60546875], Unused: [392.9765625]
Memory (VM: aos_vm3)  Actual [503.64453125], Unused: [338.04296875]
Memory (VM: aos_vm1)  Actual [503.64453125], Unused: [338.34375]
Memory (VM: aos_vm4)  Actual [503.64453125], Unused: [337.9453125]
--------------------------------------------------
Memory (VM: aos_vm2)  Actual [503.64453125], Unused: [337.03125]
Memory (VM: aos_vm3)  Actual [453.28125], Unused: [287.66796875]
Memory (VM: aos_vm1)  Actual [453.28125], Unused: [287.96875]
Memory (VM: aos_vm4)  Actual [453.28125], Unused: [287.5703125]
--------------------------------------------------
Memory (VM: aos_vm2)  Actual [503.64453125], Unused: [337.03125]
Memory (VM: aos_vm3)  Actual [453.28125], Unused: [287.66796875]
Memory (VM: aos_vm1)  Actual [453.28125], Unused: [287.96875]
Memory (VM: aos_vm4)  Actual [453.28125], Unused: [287.5703125]
--------------------------------------------------
Memory (VM: aos_vm2)  Actual [453.28125], Unused: [318.98828125]
Memory (VM: aos_vm3)  Actual [407.953125], Unused: [258.63671875]
Memory (VM: aos_vm1)  Actual [407.953125], Unused: [244.98046875]
Memory (VM: aos_vm4)  Actual [407.953125], Unused: [242.28125]
--------------------------------------------------
Memory (VM: aos_vm2)  Actual [453.28125], Unused: [286.65625]
Memory (VM: aos_vm3)  Actual [407.953125], Unused: [242.2890625]
Memory (VM: aos_vm1)  Actual [407.953125], Unused: [242.6796875]
Memory (VM: aos_vm4)  Actual [407.953125], Unused: [242.28125]
--------------------------------------------------
Memory (VM: aos_vm2)  Actual [407.953125], Unused: [241.3671875]
Memory (VM: aos_vm3)  Actual [367.16015625], Unused: [201.48046875]
Memory (VM: aos_vm1)  Actual [407.953125], Unused: [242.7109375]
Memory (VM: aos_vm4)  Actual [367.16015625], Unused: [201.47265625]
--------------------------------------------------
Memory (VM: aos_vm2)  Actual [407.953125], Unused: [241.3671875]
Memory (VM: aos_vm3)  Actual [367.16015625], Unused: [201.48046875]
Memory (VM: aos_vm1)  Actual [407.953125], Unused: [242.7109375]
Memory (VM: aos_vm4)  Actual [367.16015625], Unused: [201.47265625]
--------------------------------------------------
Memory (VM: aos_vm2)  Actual [367.16015625], Unused: [200.55859375]
Memory (VM: aos_vm3)  Actual [330.4453125], Unused: [164.7890625]
Memory (VM: aos_vm1)  Actual [367.16015625], Unused: [201.90234375]
Memory (VM: aos_vm4)  Actual [330.4453125], Unused: [164.78125]
--------------------------------------------------
Memory (VM: aos_vm2)  Actual [367.16015625], Unused: [200.55859375]
Memory (VM: aos_vm3)  Actual [330.4453125], Unused: [164.7890625]
Memory (VM: aos_vm1)  Actual [367.16015625], Unused: [201.90234375]
Memory (VM: aos_vm4)  Actual [330.4453125], Unused: [164.78125]
--------------------------------------------------
Memory (VM: aos_vm2)  Actual [330.4453125], Unused: [163.8671875]
Memory (VM: aos_vm3)  Actual [297.40234375], Unused: [131.73046875]
Memory (VM: aos_vm1)  Actual [330.4453125], Unused: [165.2109375]
Memory (VM: aos_vm4)  Actual [297.40234375], Unused: [131.72265625]
--------------------------------------------------
Memory (VM: aos_vm2)  Actual [330.4453125], Unused: [163.8671875]
Memory (VM: aos_vm3)  Actual [297.40234375], Unused: [131.73046875]
Memory (VM: aos_vm1)  Actual [330.4453125], Unused: [165.2109375]
Memory (VM: aos_vm4)  Actual [297.40234375], Unused: [131.72265625]
--------------------------------------------------
Memory (VM: aos_vm2)  Actual [297.40234375], Unused: [130.80859375]
Memory (VM: aos_vm3)  Actual [267.6640625], Unused: [102.0625]
Memory (VM: aos_vm1)  Actual [297.40234375], Unused: [132.15234375]
Memory (VM: aos_vm4)  Actual [267.6640625], Unused: [101.93359375]
--------------------------------------------------
Memory (VM: aos_vm2)  Actual [297.40234375], Unused: [130.80859375]
Memory (VM: aos_vm3)  Actual [267.6640625], Unused: [102.0625]
Memory (VM: aos_vm1)  Actual [297.40234375], Unused: [132.15234375]
Memory (VM: aos_vm4)  Actual [267.6640625], Unused: [101.93359375]
--------------------------------------------------
Memory (VM: aos_vm2)  Actual [267.6640625], Unused: [101.01953125]
Memory (VM: aos_vm3)  Actual [240.8984375], Unused: [75.30078125]
Memory (VM: aos_vm1)  Actual [267.6640625], Unused: [102.36328125]
Memory (VM: aos_vm4)  Actual [240.8984375], Unused: [75.171875]
--------------------------------------------------
Memory (VM: aos_vm2)  Actual [267.6640625], Unused: [101.01953125]
Memory (VM: aos_vm3)  Actual [240.8984375], Unused: [75.30078125]
Memory (VM: aos_vm1)  Actual [267.6640625], Unused: [102.36328125]
Memory (VM: aos_vm4)  Actual [240.8984375], Unused: [75.171875]
--------------------------------------------------
Memory (VM: aos_vm2)  Actual [240.8984375], Unused: [74.2578125]
Memory (VM: aos_vm3)  Actual [240.8984375], Unused: [75.30078125]
Memory (VM: aos_vm1)  Actual [267.6640625], Unused: [101.15234375]
Memory (VM: aos_vm4)  Actual [240.8984375], Unused: [75.171875]
--------------------------------------------------
Memory (VM: aos_vm2)  Actual [240.8984375], Unused: [73.89453125]
Memory (VM: aos_vm3)  Actual [240.8984375], Unused: [75.30078125]
Memory (VM: aos_vm1)  Actual [267.6640625], Unused: [101.15234375]
Memory (VM: aos_vm4)  Actual [240.8984375], Unused: [75.171875]
--------------------------------------------------
Memory (VM: aos_vm2)  Actual [240.8984375], Unused: [73.89453125]
Memory (VM: aos_vm3)  Actual [240.8984375], Unused: [75.30078125]
Memory (VM: aos_vm1)  Actual [240.8984375], Unused: [74.390625]
Memory (VM: aos_vm4)  Actual [240.8984375], Unused: [75.171875]
--------------------------------------------------
Memory (VM: aos_vm2)  Actual [240.8984375], Unused: [73.92578125]
Memory (VM: aos_vm3)  Actual [240.8984375], Unused: [75.30078125]
Memory (VM: aos_vm1)  Actual [240.8984375], Unused: [74.390625]
Memory (VM: aos_vm4)  Actual [240.8984375], Unused: [75.171875]
--------------------------------------------------
Memory (VM: aos_vm2)  Actual [240.8984375], Unused: [73.92578125]
Memory (VM: aos_vm3)  Actual [240.8984375], Unused: [75.30078125]
Memory (VM: aos_vm1)  Actual [240.8984375], Unused: [74.390625]
Memory (VM: aos_vm4)  Actual [240.8984375], Unused: [75.171875]
--------------------------------------------------
