Script started on 2020-09-20 11:55:36-0400
]0;danielvaseekaran@school: ~/Documents/GTOMSCS/CS6210-AOS/projects/CS6210-project1/cpu[01;32mdanielvaseekaran@school[00m:[01;34m~/Documents/GTOMSCS/CS6210-AOS/projects/CS6210-project1/cpu[00m$ ./monitor.py 
--------------------------------------------------
0 - usage: 0.0 | mapping []
1 - usage: 0.0 | mapping []
2 - usage: 0.0 | mapping []
3 - usage: 0.0 | mapping []
4 - usage: 0.0 | mapping []
5 - usage: 0.0 | mapping []
6 - usage: 0.0 | mapping []
7 - usage: 0.0 | mapping []
8 - usage: 0.0 | mapping []
9 - usage: 0.0 | mapping []
10 - usage: 0.0 | mapping []
11 - usage: 0.0 | mapping []
--------------------------------------------------
0 - usage: 0.0 | mapping []
1 - usage: 0.0 | mapping ['aos_vm3']
2 - usage: 0.0 | mapping ['aos_vm1']
3 - usage: 0.0 | mapping ['aos_vm6']
4 - usage: 0.0 | mapping []
5 - usage: 0.0 | mapping ['aos_vm8']
6 - usage: 0.0 | mapping []
7 - usage: 0.0 | mapping []
8 - usage: 0.0 | mapping ['aos_vm4']
9 - usage: 0.0 | mapping ['aos_vm7']
10 - usage: 0.0 | mapping ['aos_vm2']
11 - usage: 0.0 | mapping ['aos_vm5']
--------------------------------------------------
0 - usage: 0.0 | mapping []
1 - usage: 0.0 | mapping ['aos_vm3']
2 - usage: 0.0 | mapping []
3 - usage: 0.0 | mapping ['aos_vm4']
4 - usage: 0.0 | mapping []
5 - usage: 0.0 | mapping []
6 - usage: 0.0 | mapping []
7 - usage: 0.0 | mapping ['aos_vm6']
8 - usage: 0.0 | mapping ['aos_vm2']
9 - usage: 0.0 | mapping ['aos_vm8', 'aos_vm1', 'aos_vm7']
10 - usage: 0.0 | mapping []
11 - usage: 1.0 | mapping ['aos_vm5']
--------------------------------------------------
0 - usage: 0.0 | mapping []
1 - usage: 0.0 | mapping ['aos_vm3']
2 - usage: 0.0 | mapping []
3 - usage: 0.0 | mapping ['aos_vm8', 'aos_vm4']
4 - usage: 0.0 | mapping []
5 - usage: 0.0 | mapping []
6 - usage: 0.0 | mapping ['aos_vm7']
7 - usage: 0.0 | mapping []
8 - usage: 0.0 | mapping ['aos_vm6', 'aos_vm2']
9 - usage: 0.0 | mapping ['aos_vm1']
10 - usage: 0.0 | mapping []
11 - usage: 0.0 | mapping ['aos_vm5']
--------------------------------------------------
0 - usage: 0.0 | mapping []
1 - usage: 0.0 | mapping ['aos_vm7', 'aos_vm3']
2 - usage: 0.0 | mapping []
3 - usage: 0.0 | mapping []
4 - usage: 0.0 | mapping ['aos_vm1', 'aos_vm5']
5 - usage: 0.0 | mapping []
6 - usage: 0.0 | mapping []
7 - usage: 0.0 | mapping ['aos_vm8']
8 - usage: 0.0 | mapping ['aos_vm2']
9 - usage: 0.0 | mapping ['aos_vm6']
10 - usage: 0.0 | mapping []
11 - usage: 1.0 | mapping ['aos_vm4']
--------------------------------------------------
0 - usage: 0.0 | mapping []
1 - usage: 0.0 | mapping ['aos_vm7', 'aos_vm3']
2 - usage: 0.0 | mapping []
3 - usage: 0.0 | mapping []
4 - usage: 0.0 | mapping ['aos_vm1', 'aos_vm5']
5 - usage: 0.0 | mapping []
6 - usage: 0.0 | mapping []
7 - usage: 0.0 | mapping ['aos_vm8', 'aos_vm4']
8 - usage: 0.0 | mapping ['aos_vm2']
9 - usage: 0.0 | mapping ['aos_vm6']
10 - usage: 0.0 | mapping []
11 - usage: 0.0 | mapping []
--------------------------------------------------
0 - usage: 0.0 | mapping ['aos_vm6']
1 - usage: 0.0 | mapping ['aos_vm8']
2 - usage: 0.0 | mapping ['aos_vm4']
3 - usage: 0.0 | mapping ['aos_vm1']
4 - usage: 1.0 | mapping ['aos_vm7']
5 - usage: 0.0 | mapping ['aos_vm2']
6 - usage: 0.0 | mapping ['aos_vm5']
7 - usage: 0.0 | mapping ['aos_vm3']
8 - usage: 0.0 | mapping []
9 - usage: 0.0 | mapping []
10 - usage: 0.0 | mapping []
11 - usage: 0.0 | mapping []
--------------------------------------------------
0 - usage: 0.0 | mapping ['aos_vm6']
1 - usage: 0.0 | mapping ['aos_vm8']
2 - usage: 0.0 | mapping ['aos_vm4']
3 - usage: 0.0 | mapping ['aos_vm1']
4 - usage: 0.0 | mapping ['aos_vm7']
5 - usage: 0.0 | mapping ['aos_vm2']
6 - usage: 1.0 | mapping ['aos_vm5']
7 - usage: 0.0 | mapping ['aos_vm3']
8 - usage: 0.0 | mapping []
9 - usage: 0.0 | mapping []
10 - usage: 0.0 | mapping []
11 - usage: 0.0 | mapping []
--------------------------------------------------
0 - usage: 1.0 | mapping ['aos_vm6']
1 - usage: 0.0 | mapping ['aos_vm8', 'aos_vm3']
2 - usage: 0.0 | mapping ['aos_vm4']
3 - usage: 0.0 | mapping ['aos_vm1']
4 - usage: 0.0 | mapping ['aos_vm7', 'aos_vm5']
5 - usage: 0.0 | mapping ['aos_vm2']
6 - usage: 0.0 | mapping []
7 - usage: 0.0 | mapping []
8 - usage: 0.0 | mapping []
9 - usage: 0.0 | mapping []
10 - usage: 0.0 | mapping []
11 - usage: 0.0 | mapping []
--------------------------------------------------
0 - usage: 0.0 | mapping ['aos_vm3']
1 - usage: 0.0 | mapping []
2 - usage: 0.0 | mapping ['aos_vm4']
3 - usage: 0.0 | mapping ['aos_vm1', 'aos_vm2']
4 - usage: 0.0 | mapping ['aos_vm5']
5 - usage: 1.0 | mapping ['aos_vm6']
6 - usage: 0.0 | mapping []
7 - usage: 0.0 | mapping []
8 - usage: 0.0 | mapping ['aos_vm8']
9 - usage: 0.0 | mapping []
10 - usage: 0.0 | mapping ['aos_vm7']
11 - usage: 0.0 | mapping []
--------------------------------------------------
0 - usage: 39.0 | mapping ['aos_vm4']
1 - usage: 40.0 | mapping ['aos_vm8']
2 - usage: 39.0 | mapping ['aos_vm6']
3 - usage: 0.0 | mapping []
4 - usage: 0.0 | mapping []
5 - usage: 41.0 | mapping ['aos_vm3']
6 - usage: 0.0 | mapping []
7 - usage: 38.0 | mapping ['aos_vm5']
8 - usage: 40.0 | mapping ['aos_vm7']
9 - usage: 40.0 | mapping ['aos_vm1']
10 - usage: 40.0 | mapping ['aos_vm2']
11 - usage: 0.0 | mapping []
--------------------------------------------------
0 - usage: 0.0 | mapping []
1 - usage: 66.0 | mapping ['aos_vm4']
2 - usage: 0.0 | mapping []
3 - usage: 67.0 | mapping ['aos_vm6']
4 - usage: 69.0 | mapping ['aos_vm7']
5 - usage: 93.0 | mapping ['aos_vm8', 'aos_vm3']
6 - usage: 0.0 | mapping []
7 - usage: 30.0 | mapping ['aos_vm1']
8 - usage: 0.0 | mapping []
9 - usage: 0.0 | mapping []
10 - usage: 72.0 | mapping ['aos_vm5']
11 - usage: 34.0 | mapping ['aos_vm2']
--------------------------------------------------
0 - usage: 54.0 | mapping ['aos_vm6']
1 - usage: 16.0 | mapping ['aos_vm8']
2 - usage: 53.0 | mapping ['aos_vm4']
3 - usage: 16.0 | mapping ['aos_vm1']
4 - usage: 54.0 | mapping ['aos_vm7']
5 - usage: 15.0 | mapping ['aos_vm2']
6 - usage: 53.0 | mapping ['aos_vm5']
7 - usage: 16.0 | mapping ['aos_vm3']
8 - usage: 0.0 | mapping []
9 - usage: 0.0 | mapping []
10 - usage: 0.0 | mapping []
11 - usage: 0.0 | mapping []
--------------------------------------------------
0 - usage: 55.0 | mapping ['aos_vm6']
1 - usage: 17.0 | mapping ['aos_vm8']
2 - usage: 54.0 | mapping ['aos_vm4']
3 - usage: 14.0 | mapping ['aos_vm1']
4 - usage: 55.0 | mapping ['aos_vm7']
5 - usage: 15.0 | mapping ['aos_vm2']
6 - usage: 54.0 | mapping ['aos_vm5']
7 - usage: 16.0 | mapping ['aos_vm3']
8 - usage: 0.0 | mapping []
9 - usage: 0.0 | mapping []
10 - usage: 0.0 | mapping []
11 - usage: 0.0 | mapping []
--------------------------------------------------
0 - usage: 54.0 | mapping ['aos_vm6']
1 - usage: 17.0 | mapping ['aos_vm8']
2 - usage: 55.0 | mapping ['aos_vm4']
3 - usage: 16.0 | mapping ['aos_vm1']
4 - usage: 54.0 | mapping ['aos_vm7']
5 - usage: 15.0 | mapping ['aos_vm2']
6 - usage: 55.0 | mapping ['aos_vm5']
7 - usage: 17.0 | mapping ['aos_vm3']
8 - usage: 0.0 | mapping []
9 - usage: 0.0 | mapping []
10 - usage: 0.0 | mapping []
11 - usage: 0.0 | mapping []
--------------------------------------------------
0 - usage: 54.0 | mapping ['aos_vm6']
1 - usage: 17.0 | mapping ['aos_vm8']
2 - usage: 53.0 | mapping ['aos_vm4']
3 - usage: 15.0 | mapping ['aos_vm1']
4 - usage: 55.0 | mapping ['aos_vm7']
5 - usage: 16.0 | mapping ['aos_vm2']
6 - usage: 55.0 | mapping ['aos_vm5']
7 - usage: 17.0 | mapping ['aos_vm3']
8 - usage: 0.0 | mapping []
9 - usage: 0.0 | mapping []
10 - usage: 0.0 | mapping []
11 - usage: 0.0 | mapping []
--------------------------------------------------
0 - usage: 55.0 | mapping ['aos_vm6']
1 - usage: 17.0 | mapping ['aos_vm8']
2 - usage: 54.0 | mapping ['aos_vm4']
3 - usage: 15.0 | mapping ['aos_vm1']
4 - usage: 54.0 | mapping ['aos_vm7']
5 - usage: 15.0 | mapping ['aos_vm2']
6 - usage: 55.0 | mapping ['aos_vm5']
7 - usage: 17.0 | mapping ['aos_vm3']
8 - usage: 0.0 | mapping []
9 - usage: 0.0 | mapping []
10 - usage: 0.0 | mapping []
11 - usage: 0.0 | mapping []
--------------------------------------------------
0 - usage: 54.0 | mapping ['aos_vm6']
1 - usage: 17.0 | mapping ['aos_vm8']
2 - usage: 54.0 | mapping ['aos_vm4']
3 - usage: 16.0 | mapping ['aos_vm1']
4 - usage: 55.0 | mapping ['aos_vm7']
5 - usage: 16.0 | mapping ['aos_vm2']
6 - usage: 54.0 | mapping ['aos_vm5']
7 - usage: 16.0 | mapping ['aos_vm3']
8 - usage: 0.0 | mapping []
9 - usage: 0.0 | mapping []
10 - usage: 0.0 | mapping []
11 - usage: 0.0 | mapping []
--------------------------------------------------
0 - usage: 55.0 | mapping ['aos_vm6']
1 - usage: 17.0 | mapping ['aos_vm8']
2 - usage: 55.0 | mapping ['aos_vm4']
3 - usage: 15.0 | mapping ['aos_vm1']
4 - usage: 54.0 | mapping ['aos_vm7']
5 - usage: 15.0 | mapping ['aos_vm2']
6 - usage: 54.0 | mapping ['aos_vm5']
7 - usage: 17.0 | mapping ['aos_vm3']
8 - usage: 0.0 | mapping []
9 - usage: 0.0 | mapping []
10 - usage: 0.0 | mapping []
11 - usage: 0.0 | mapping []
^CTraceback (most recent call last):
  File "./monitor.py", line 117, in <module>
    s.run()
  File "/usr/lib/python2.7/sched.py", line 111, in run
    delayfunc(time - now)
KeyboardInterrupt
]0;danielvaseekaran@school: ~/Documents/GTOMSCS/CS6210-AOS/projects/CS6210-project1/cpu[01;32mdanielvaseekaran@school[00m:[01;34m~/Documents/GTOMSCS/CS6210-AOS/projects/CS6210-project1/cpu[00m$ exit
exit

Script done on 2020-09-20 11:56:04-0400
