Script started on 2020-09-20 11:51:49-0400
]0;danielvaseekaran@school: ~/Documents/GTOMSCS/CS6210-AOS/projects/CS6210-project1/cpu[01;32mdanielvaseekaran@school[00m:[01;34m~/Documents/GTOMSCS/CS6210-AOS/projects/CS6210-project1/cpu[00m$ ./mno[K[Konitor.py
--------------------------------------------------
0 - usage: 0.0 | mapping []
1 - usage: 0.0 | mapping []
2 - usage: 0.0 | mapping []
3 - usage: 0.0 | mapping []
4 - usage: 0.0 | mapping []
5 - usage: 0.0 | mapping []
6 - usage: 0.0 | mapping []
7 - usage: 0.0 | mapping []
8 - usage: 0.0 | mapping []
9 - usage: 0.0 | mapping []
10 - usage: 0.0 | mapping []
11 - usage: 0.0 | mapping []
--------------------------------------------------
0 - usage: 0.0 | mapping []
1 - usage: 0.0 | mapping []
2 - usage: 0.0 | mapping ['aos_vm3']
3 - usage: 0.0 | mapping ['aos_vm6']
4 - usage: 1.0 | mapping ['aos_vm5']
5 - usage: 1.0 | mapping ['aos_vm4', 'aos_vm7']
6 - usage: 0.0 | mapping []
7 - usage: 0.0 | mapping ['aos_vm8']
8 - usage: 0.0 | mapping []
9 - usage: 0.0 | mapping []
10 - usage: 0.0 | mapping ['aos_vm2']
11 - usage: 1.0 | mapping ['aos_vm1']
--------------------------------------------------
0 - usage: 0.0 | mapping []
1 - usage: 0.0 | mapping []
2 - usage: 4.0 | mapping ['aos_vm1']
3 - usage: 0.0 | mapping []
4 - usage: 0.0 | mapping ['aos_vm5']
5 - usage: 1.0 | mapping ['aos_vm7']
6 - usage: 0.0 | mapping []
7 - usage: 0.0 | mapping ['aos_vm8']
8 - usage: 0.0 | mapping ['aos_vm6']
9 - usage: 1.0 | mapping ['aos_vm3']
10 - usage: 4.0 | mapping ['aos_vm4']
11 - usage: 0.0 | mapping ['aos_vm2']
--------------------------------------------------
0 - usage: 1.0 | mapping ['aos_vm6']
1 - usage: 2.0 | mapping ['aos_vm7']
2 - usage: 1.0 | mapping ['aos_vm2']
3 - usage: 0.0 | mapping ['aos_vm4']
4 - usage: 0.0 | mapping []
5 - usage: 0.0 | mapping []
6 - usage: 0.0 | mapping ['aos_vm8', 'aos_vm1']
7 - usage: 0.0 | mapping []
8 - usage: 0.0 | mapping ['aos_vm3']
9 - usage: 0.0 | mapping []
10 - usage: 0.0 | mapping []
11 - usage: 0.0 | mapping ['aos_vm5']
--------------------------------------------------
0 - usage: 0.0 | mapping []
1 - usage: 0.0 | mapping ['aos_vm3']
2 - usage: 3.0 | mapping ['aos_vm2']
3 - usage: 0.0 | mapping []
4 - usage: 0.0 | mapping []
5 - usage: 0.0 | mapping ['aos_vm6']
6 - usage: 0.0 | mapping []
7 - usage: 2.0 | mapping ['aos_vm7', 'aos_vm5']
8 - usage: 0.0 | mapping []
9 - usage: 0.0 | mapping ['aos_vm4']
10 - usage: 0.0 | mapping []
11 - usage: 1.0 | mapping ['aos_vm8', 'aos_vm1']
--------------------------------------------------
0 - usage: 0.0 | mapping ['aos_vm6']
1 - usage: 1.0 | mapping ['aos_vm8']
2 - usage: 0.0 | mapping ['aos_vm4']
3 - usage: 1.0 | mapping ['aos_vm1']
4 - usage: 0.0 | mapping ['aos_vm7']
5 - usage: 0.0 | mapping ['aos_vm2']
6 - usage: 5.0 | mapping ['aos_vm5']
7 - usage: 1.0 | mapping ['aos_vm3']
8 - usage: 0.0 | mapping []
9 - usage: 0.0 | mapping []
10 - usage: 0.0 | mapping []
11 - usage: 0.0 | mapping []
--------------------------------------------------
0 - usage: 0.0 | mapping ['aos_vm6']
1 - usage: 0.0 | mapping ['aos_vm8']
2 - usage: 0.0 | mapping ['aos_vm4']
3 - usage: 0.0 | mapping ['aos_vm1']
4 - usage: 0.0 | mapping ['aos_vm7']
5 - usage: 0.0 | mapping ['aos_vm2']
6 - usage: 0.0 | mapping ['aos_vm5']
7 - usage: 2.0 | mapping ['aos_vm3']
8 - usage: 0.0 | mapping []
9 - usage: 0.0 | mapping []
10 - usage: 0.0 | mapping []
11 - usage: 0.0 | mapping []
--------------------------------------------------
0 - usage: 0.0 | mapping ['aos_vm6']
1 - usage: 0.0 | mapping ['aos_vm8']
2 - usage: 1.0 | mapping ['aos_vm4']
3 - usage: 0.0 | mapping ['aos_vm1']
4 - usage: 0.0 | mapping ['aos_vm7']
5 - usage: 0.0 | mapping ['aos_vm2']
6 - usage: 0.0 | mapping ['aos_vm5']
7 - usage: 1.0 | mapping ['aos_vm3']
8 - usage: 0.0 | mapping []
9 - usage: 0.0 | mapping []
10 - usage: 0.0 | mapping []
11 - usage: 0.0 | mapping []
--------------------------------------------------
0 - usage: 0.0 | mapping ['aos_vm6']
1 - usage: 0.0 | mapping ['aos_vm8']
2 - usage: 0.0 | mapping ['aos_vm4']
3 - usage: 0.0 | mapping ['aos_vm1']
4 - usage: 0.0 | mapping ['aos_vm7']
5 - usage: 0.0 | mapping ['aos_vm2']
6 - usage: 0.0 | mapping ['aos_vm5']
7 - usage: 0.0 | mapping ['aos_vm3']
8 - usage: 0.0 | mapping []
9 - usage: 0.0 | mapping []
10 - usage: 0.0 | mapping []
11 - usage: 0.0 | mapping []
--------------------------------------------------
0 - usage: 0.0 | mapping ['aos_vm6']
1 - usage: 0.0 | mapping ['aos_vm8']
2 - usage: 0.0 | mapping ['aos_vm4']
3 - usage: 0.0 | mapping ['aos_vm1']
4 - usage: 0.0 | mapping ['aos_vm7']
5 - usage: 0.0 | mapping ['aos_vm2']
6 - usage: 0.0 | mapping ['aos_vm5']
7 - usage: 0.0 | mapping ['aos_vm3']
8 - usage: 0.0 | mapping []
9 - usage: 0.0 | mapping []
10 - usage: 0.0 | mapping []
11 - usage: 0.0 | mapping []
--------------------------------------------------
0 - usage: 30.0 | mapping ['aos_vm6']
1 - usage: 30.0 | mapping ['aos_vm8']
2 - usage: 30.0 | mapping ['aos_vm4']
3 - usage: 30.0 | mapping ['aos_vm1']
4 - usage: 30.0 | mapping ['aos_vm7']
5 - usage: 31.0 | mapping ['aos_vm2']
6 - usage: 30.0 | mapping ['aos_vm5']
7 - usage: 30.0 | mapping ['aos_vm3']
8 - usage: 0.0 | mapping []
9 - usage: 0.0 | mapping []
10 - usage: 0.0 | mapping []
11 - usage: 0.0 | mapping []
--------------------------------------------------
0 - usage: 60.0 | mapping ['aos_vm6']
1 - usage: 59.0 | mapping ['aos_vm8']
2 - usage: 39.0 | mapping ['aos_vm4']
3 - usage: 39.0 | mapping ['aos_vm1']
4 - usage: 38.0 | mapping ['aos_vm7']
5 - usage: 37.0 | mapping ['aos_vm2']
6 - usage: 61.0 | mapping ['aos_vm5']
7 - usage: 59.0 | mapping ['aos_vm3']
8 - usage: 0.0 | mapping []
9 - usage: 0.0 | mapping []
10 - usage: 0.0 | mapping []
11 - usage: 0.0 | mapping []
--------------------------------------------------
0 - usage: 22.0 | mapping ['aos_vm6']
1 - usage: 21.0 | mapping ['aos_vm8']
2 - usage: 17.0 | mapping ['aos_vm4']
3 - usage: 17.0 | mapping ['aos_vm1']
4 - usage: 17.0 | mapping ['aos_vm7']
5 - usage: 18.0 | mapping ['aos_vm2']
6 - usage: 21.0 | mapping ['aos_vm5']
7 - usage: 22.0 | mapping ['aos_vm3']
8 - usage: 0.0 | mapping []
9 - usage: 0.0 | mapping []
10 - usage: 0.0 | mapping []
11 - usage: 0.0 | mapping []
--------------------------------------------------
0 - usage: 20.0 | mapping ['aos_vm6']
1 - usage: 20.0 | mapping ['aos_vm8']
2 - usage: 16.0 | mapping ['aos_vm4']
3 - usage: 16.0 | mapping ['aos_vm1']
4 - usage: 17.0 | mapping ['aos_vm7']
5 - usage: 16.0 | mapping ['aos_vm2']
6 - usage: 20.0 | mapping ['aos_vm5']
7 - usage: 19.0 | mapping ['aos_vm3']
8 - usage: 0.0 | mapping []
9 - usage: 0.0 | mapping []
10 - usage: 0.0 | mapping []
11 - usage: 0.0 | mapping []
--------------------------------------------------
0 - usage: 19.0 | mapping ['aos_vm6']
1 - usage: 19.0 | mapping ['aos_vm8']
2 - usage: 15.0 | mapping ['aos_vm4']
3 - usage: 16.0 | mapping ['aos_vm1']
4 - usage: 16.0 | mapping ['aos_vm7']
5 - usage: 15.0 | mapping ['aos_vm2']
6 - usage: 19.0 | mapping ['aos_vm5']
7 - usage: 19.0 | mapping ['aos_vm3']
8 - usage: 0.0 | mapping []
9 - usage: 0.0 | mapping []
10 - usage: 0.0 | mapping []
11 - usage: 0.0 | mapping []
--------------------------------------------------
0 - usage: 21.0 | mapping ['aos_vm6']
1 - usage: 20.0 | mapping ['aos_vm8']
2 - usage: 18.0 | mapping ['aos_vm4']
3 - usage: 17.0 | mapping ['aos_vm1']
4 - usage: 18.0 | mapping ['aos_vm7']
5 - usage: 18.0 | mapping ['aos_vm2']
6 - usage: 21.0 | mapping ['aos_vm5']
7 - usage: 21.0 | mapping ['aos_vm3']
8 - usage: 0.0 | mapping []
9 - usage: 0.0 | mapping []
10 - usage: 0.0 | mapping []
11 - usage: 0.0 | mapping []
--------------------------------------------------
0 - usage: 22.0 | mapping ['aos_vm6']
1 - usage: 21.0 | mapping ['aos_vm8']
2 - usage: 17.0 | mapping ['aos_vm4']
3 - usage: 17.0 | mapping ['aos_vm1']
4 - usage: 17.0 | mapping ['aos_vm7']
5 - usage: 18.0 | mapping ['aos_vm2']
6 - usage: 22.0 | mapping ['aos_vm5']
7 - usage: 21.0 | mapping ['aos_vm3']
8 - usage: 0.0 | mapping []
9 - usage: 0.0 | mapping []
10 - usage: 0.0 | mapping []
11 - usage: 0.0 | mapping []
--------------------------------------------------
0 - usage: 10.0 | mapping ['aos_vm6']
1 - usage: 12.0 | mapping ['aos_vm8']
2 - usage: 12.0 | mapping ['aos_vm4']
3 - usage: 9.0 | mapping ['aos_vm1']
4 - usage: 10.0 | mapping ['aos_vm7']
5 - usage: 9.0 | mapping ['aos_vm2']
6 - usage: 11.0 | mapping ['aos_vm5']
7 - usage: 11.0 | mapping ['aos_vm3']
8 - usage: 0.0 | mapping []
9 - usage: 0.0 | mapping []
10 - usage: 0.0 | mapping []
11 - usage: 0.0 | mapping []
--------------------------------------------------
0 - usage: 12.0 | mapping ['aos_vm6']
1 - usage: 12.0 | mapping ['aos_vm8']
2 - usage: 11.0 | mapping ['aos_vm4']
3 - usage: 10.0 | mapping ['aos_vm1']
4 - usage: 10.0 | mapping ['aos_vm7']
5 - usage: 10.0 | mapping ['aos_vm2']
6 - usage: 13.0 | mapping ['aos_vm5']
7 - usage: 12.0 | mapping ['aos_vm3']
8 - usage: 0.0 | mapping []
9 - usage: 0.0 | mapping []
10 - usage: 0.0 | mapping []
11 - usage: 0.0 | mapping []
--------------------------------------------------
0 - usage: 22.0 | mapping ['aos_vm6']
1 - usage: 21.0 | mapping ['aos_vm8']
2 - usage: 17.0 | mapping ['aos_vm4']
3 - usage: 17.0 | mapping ['aos_vm1']
4 - usage: 17.0 | mapping ['aos_vm7']
5 - usage: 17.0 | mapping ['aos_vm2']
6 - usage: 21.0 | mapping ['aos_vm5']
7 - usage: 22.0 | mapping ['aos_vm3']
8 - usage: 0.0 | mapping []
9 - usage: 0.0 | mapping []
10 - usage: 0.0 | mapping []
11 - usage: 0.0 | mapping []
--------------------------------------------------
0 - usage: 20.0 | mapping ['aos_vm6']
1 - usage: 19.0 | mapping ['aos_vm8']
2 - usage: 15.0 | mapping ['aos_vm4']
3 - usage: 16.0 | mapping ['aos_vm1']
4 - usage: 16.0 | mapping ['aos_vm7']
5 - usage: 15.0 | mapping ['aos_vm2']
6 - usage: 20.0 | mapping ['aos_vm5']
7 - usage: 18.0 | mapping ['aos_vm3']
8 - usage: 0.0 | mapping []
9 - usage: 0.0 | mapping []
10 - usage: 0.0 | mapping []
11 - usage: 0.0 | mapping []
--------------------------------------------------
0 - usage: 19.0 | mapping ['aos_vm6']
1 - usage: 19.0 | mapping ['aos_vm8']
2 - usage: 16.0 | mapping ['aos_vm4']
3 - usage: 15.0 | mapping ['aos_vm1']
4 - usage: 16.0 | mapping ['aos_vm7']
5 - usage: 17.0 | mapping ['aos_vm2']
6 - usage: 19.0 | mapping ['aos_vm5']
7 - usage: 20.0 | mapping ['aos_vm3']
8 - usage: 0.0 | mapping []
9 - usage: 0.0 | mapping []
10 - usage: 0.0 | mapping []
11 - usage: 0.0 | mapping []
--------------------------------------------------
0 - usage: 18.0 | mapping ['aos_vm6']
1 - usage: 18.0 | mapping ['aos_vm8']
2 - usage: 14.0 | mapping ['aos_vm4']
3 - usage: 15.0 | mapping ['aos_vm1']
4 - usage: 16.0 | mapping ['aos_vm7']
5 - usage: 15.0 | mapping ['aos_vm2']
6 - usage: 19.0 | mapping ['aos_vm5']
7 - usage: 18.0 | mapping ['aos_vm3']
8 - usage: 0.0 | mapping []
9 - usage: 0.0 | mapping []
10 - usage: 0.0 | mapping []
11 - usage: 0.0 | mapping []
^CTraceback (most recent call last):
  File "./monitor.py", line 117, in <module>
    s.run()
  File "/usr/lib/python2.7/sched.py", line 111, in run
    delayfunc(time - now)
KeyboardInterrupt
]0;danielvaseekaran@school: ~/Documents/GTOMSCS/CS6210-AOS/projects/CS6210-project1/cpu[01;32mdanielvaseekaran@school[00m:[01;34m~/Documents/GTOMSCS/CS6210-AOS/projects/CS6210-project1/cpu[00m$ ei[Kxit
exit

Script done on 2020-09-20 11:52:22-0400
